This is pdfTeX, Version 3.141592653-2.6-1.40.26 (MiKTeX 24.4) (preloaded format=pdflatex 2024.9.24)  10 JAN 2025 10:25
entering extended mode
 restricted \write18 enabled.
 file:line:error style messages enabled.
 %&-line parsing enabled.
**"c:/Users/RomainLambert/BEYOND_THE_SEA/COMPTE RENDU/03_-_VSM/Comparaison VLM VSM CFD.tex"
(c:/Users/RomainLambert/BEYOND_THE_SEA/COMPTE RENDU/03_-_VSM/Comparaison VLM VSM CFD.tex
LaTeX2e <2024-06-01> patch level 2
L3 programming layer <2024-08-30>
(IEEEtran.cls
Document Class: IEEEtran 2012/12/27 V1.8 by Michael Shell
-- See the "IEEEtran_HOWTO" manual for usage information.
-- http://www.michaelshell.org/tex/ieeetran/
\@IEEEtrantmpdimenA=\dimen141
\@IEEEtrantmpdimenB=\dimen142
\@IEEEtrantmpcountA=\count194
\@IEEEtrantmpcountB=\count195
\@IEEEtrantmptoksA=\toks17
LaTeX Font Info:    Trying to load font information for OT1+ptm on input line 170.
(C:\Users\RomainLambert\AppData\Local\Programs\MiKTeX\tex/latex/psnfss\ot1ptm.fd
File: ot1ptm.fd 2001/06/04 font definitions for OT1/ptm.
)
** ATTENTION: Single column mode is not typically used with IEEE publications.
-- Using 8.5in x 11in (letter) paper.
-- Using PDF output.
\@IEEEnormalsizeunitybaselineskip=\dimen143
-- This is a 10 point document.
\CLASSINFOnormalsizebaselineskip=\dimen144
\CLASSINFOnormalsizeunitybaselineskip=\dimen145
\IEEEnormaljot=\dimen146
LaTeX Font Info:    Font shape `OT1/ptm/bx/n' in size <5> not available
(Font)              Font shape `OT1/ptm/b/n' tried instead on input line 528.
LaTeX Font Info:    Font shape `OT1/ptm/bx/it' in size <5> not available
(Font)              Font shape `OT1/ptm/b/it' tried instead on input line 528.
LaTeX Font Info:    Font shape `OT1/ptm/bx/n' in size <7> not available
(Font)              Font shape `OT1/ptm/b/n' tried instead on input line 528.
LaTeX Font Info:    Font shape `OT1/ptm/bx/it' in size <7> not available
(Font)              Font shape `OT1/ptm/b/it' tried instead on input line 528.
LaTeX Font Info:    Font shape `OT1/ptm/bx/n' in size <8> not available
(Font)              Font shape `OT1/ptm/b/n' tried instead on input line 528.
LaTeX Font Info:    Font shape `OT1/ptm/bx/it' in size <8> not available
(Font)              Font shape `OT1/ptm/b/it' tried instead on input line 528.
LaTeX Font Info:    Font shape `OT1/ptm/bx/n' in size <9> not available
(Font)              Font shape `OT1/ptm/b/n' tried instead on input line 528.
LaTeX Font Info:    Font shape `OT1/ptm/bx/it' in size <9> not available
(Font)              Font shape `OT1/ptm/b/it' tried instead on input line 528.
LaTeX Font Info:    Font shape `OT1/ptm/bx/n' in size <10> not available
(Font)              Font shape `OT1/ptm/b/n' tried instead on input line 528.
LaTeX Font Info:    Font shape `OT1/ptm/bx/it' in size <10> not available
(Font)              Font shape `OT1/ptm/b/it' tried instead on input line 528.
LaTeX Font Info:    Font shape `OT1/ptm/bx/n' in size <11> not available
(Font)              Font shape `OT1/ptm/b/n' tried instead on input line 528.
LaTeX Font Info:    Font shape `OT1/ptm/bx/it' in size <11> not available
(Font)              Font shape `OT1/ptm/b/it' tried instead on input line 528.
LaTeX Font Info:    Font shape `OT1/ptm/bx/n' in size <12> not available
(Font)              Font shape `OT1/ptm/b/n' tried instead on input line 528.
LaTeX Font Info:    Font shape `OT1/ptm/bx/it' in size <12> not available
(Font)              Font shape `OT1/ptm/b/it' tried instead on input line 528.
LaTeX Font Info:    Font shape `OT1/ptm/bx/n' in size <17> not available
(Font)              Font shape `OT1/ptm/b/n' tried instead on input line 528.
LaTeX Font Info:    Font shape `OT1/ptm/bx/it' in size <17> not available
(Font)              Font shape `OT1/ptm/b/it' tried instead on input line 528.
LaTeX Font Info:    Font shape `OT1/ptm/bx/n' in size <20> not available
(Font)              Font shape `OT1/ptm/b/n' tried instead on input line 528.
LaTeX Font Info:    Font shape `OT1/ptm/bx/it' in size <20> not available
(Font)              Font shape `OT1/ptm/b/it' tried instead on input line 528.
LaTeX Font Info:    Font shape `OT1/ptm/bx/n' in size <24> not available
(Font)              Font shape `OT1/ptm/b/n' tried instead on input line 528.
LaTeX Font Info:    Font shape `OT1/ptm/bx/it' in size <24> not available
(Font)              Font shape `OT1/ptm/b/it' tried instead on input line 528.
\IEEEilabelindentA=\dimen147
\IEEEilabelindentB=\dimen148
\IEEEilabelindent=\dimen149
\IEEEelabelindent=\dimen150
\IEEEdlabelindent=\dimen151
\IEEElabelindent=\dimen152
\IEEEiednormlabelsep=\dimen153
\IEEEiedmathlabelsep=\dimen154
\IEEEiedtopsep=\skip49
\c@section=\count196
\c@subsection=\count197
\c@subsubsection=\count198
\c@paragraph=\count199
\c@IEEEsubequation=\count266
\abovecaptionskip=\skip50
\belowcaptionskip=\skip51
\c@figure=\count267
\c@table=\count268
\@IEEEeqnnumcols=\count269
\@IEEEeqncolcnt=\count270
\@IEEEsubeqnnumrollback=\count271
\@IEEEtmpitemindent=\dimen155
\c@IEEEbiography=\count272
\@IEEEtranrubishbin=\box52
) (C:\Users\RomainLambert\AppData\Local\Programs\MiKTeX\tex/generic/epsf\epsf.tex
This is `epsf.tex' v2.7.4 <14 February 2011>
\epsffilein=\read2
\epsfframemargin=\dimen156
\epsfframethickness=\dimen157
\epsfrsize=\dimen158
\epsftmp=\dimen159
\epsftsize=\dimen160
\epsfxsize=\dimen161
\epsfysize=\dimen162
\pspoints=\dimen163
) (C:\Users\RomainLambert\AppData\Local\Programs\MiKTeX\tex/latex/graphics\graphicx.sty
Package: graphicx 2021/09/16 v1.2d Enhanced LaTeX Graphics (DPC,SPQR)
 (C:\Users\RomainLambert\AppData\Local\Programs\MiKTeX\tex/latex/graphics\keyval.sty
Package: keyval 2022/05/29 v1.15 key=value parser (DPC)
\KV@toks@=\toks18
) (C:\Users\RomainLambert\AppData\Local\Programs\MiKTeX\tex/latex/graphics\graphics.sty
Package: graphics 2024/05/23 v1.4g Standard LaTeX Graphics (DPC,SPQR)
 (C:\Users\RomainLambert\AppData\Local\Programs\MiKTeX\tex/latex/graphics\trig.sty
Package: trig 2023/12/02 v1.11 sin cos tan (DPC)
) (C:\Users\RomainLambert\AppData\Local\Programs\MiKTeX\tex/latex/graphics-cfg\graphics.cfg
File: graphics.cfg 2016/06/04 v1.11 sample graphics configuration
)
Package graphics Info: Driver file: pdftex.def on input line 106.
 (C:\Users\RomainLambert\AppData\Local\Programs\MiKTeX\tex/latex/graphics-def\pdftex.def
File: pdftex.def 2024/04/13 v1.2c Graphics/color driver for pdftex
))
\Gin@req@height=\dimen164
\Gin@req@width=\dimen165
) (C:\Users\RomainLambert\AppData\Local\Programs\MiKTeX\tex/latex/caption\subcaption.sty
Package: subcaption 2023/07/28 v1.6b Sub-captions (AR)
 (C:\Users\RomainLambert\AppData\Local\Programs\MiKTeX\tex/latex/caption\caption.sty
Package: caption 2023/08/05 v3.6o Customizing captions (AR)
 (C:\Users\RomainLambert\AppData\Local\Programs\MiKTeX\tex/latex/caption\caption3.sty
Package: caption3 2023/07/31 v2.4d caption3 kernel (AR)
\caption@tempdima=\dimen166
\captionmargin=\dimen167
\caption@leftmargin=\dimen168
\caption@rightmargin=\dimen169
\caption@width=\dimen170
\caption@indent=\dimen171
\caption@parindent=\dimen172
\caption@hangindent=\dimen173
Package caption Info: Unknown document class (or package),
(caption)             standard defaults will be used.
Package caption Info: \@makecaption = \long macro:#1#2->\ifx \@captype \@IEEEtablestring \footnotesize \bgroup \par \centering \@IEEEtabletopskipstrut {\normalfont \footnotesize #1}\\{\normalfont \footnotesize \scshape #2}\par \addvspace {0.5\baselineskip }\egroup \@IEEEtablecaptionsepspace \else \@IEEEfigurecaptionsepspace \setbox \@tempboxa \hbox {\normalfont \footnotesize {#1.}\nobreakspace \nobreakspace #2}\ifdim \wd \@tempboxa >\hsize \setbox \@tempboxa \hbox {\normalfont \footnotesize {#1.}\nobreakspace \nobreakspace }\parbox [t]{\hsize }{\normalfont \footnotesize \noindent \unhbox \@tempboxa #2}\else \ifCLASSOPTIONconference \hbox to\hsize {\normalfont \footnotesize \hfil \box \@tempboxa \hfil }\else \hbox to\hsize {\normalfont \footnotesize \box \@tempboxa \hfil }\fi \fi \fi  on input line 1175.
)

Package caption Warning: Unknown document class (or package),
(caption)                standard defaults will be used.
See the caption package documentation for explanation.

\c@caption@flags=\count273
\c@continuedfloat=\count274
)
Package caption Info: New subtype `subfigure' on input line 238.
\c@subfigure=\count275
Package caption Info: New subtype `subtable' on input line 238.
\c@subtable=\count276
) (C:\Users\RomainLambert\AppData\Local\Programs\MiKTeX\tex/generic/babel\babel.sty
Package: babel 2024/08/29 v24.9 The Babel package
\babel@savecnt=\count277
\U@D=\dimen174
\l@unhyphenated=\language79
 (C:\Users\RomainLambert\AppData\Local\Programs\MiKTeX\tex/generic/babel\txtbabel.def)
\bbl@readstream=\read3
\bbl@dirlevel=\count278

*************************************
* Local config file bblopts.cfg used
*
(C:\Users\RomainLambert\AppData\Local\Programs\MiKTeX\tex/latex/arabi\bblopts.cfg
File: bblopts.cfg 2005/09/08 v0.1 add Arabic and Farsi to "declared" options of babel
) (C:\Users\RomainLambert\AppData\Local\Programs\MiKTeX\tex/generic/babel-french\french.ldf
Language: french 2024-07-25 v3.6c French support from the babel system
Package babel Info: Hyphen rules for 'acadian' set to \l@french
(babel)             (\language22). Reported on input line 91.
Package babel Info: Hyphen rules for 'canadien' set to \l@french
(babel)             (\language22). Reported on input line 92.
\FB@stdchar=\count279
Package babel Info: Making : an active character on input line 421.
Package babel Info: Making ; an active character on input line 422.
Package babel Info: Making ! an active character on input line 423.
Package babel Info: Making ? an active character on input line 424.
\FBguill@level=\count280
\FBold@everypar=\toks19
\FB@Mht=\dimen175
\mc@charclass=\count281
\mc@charfam=\count282
\mc@charslot=\count283
\std@mcc=\count284
\dec@mcc=\count285
\FB@parskip=\dimen176
\listindentFB=\dimen177
\descindentFB=\dimen178
\labelindentFB=\dimen179
\labelwidthFB=\dimen180
\leftmarginFB=\dimen181
\parindentFFN=\dimen182
\FBfnindent=\dimen183
)) (C:\Users\RomainLambert\AppData\Local\Programs\MiKTeX\tex/generic/babel/locale/fr\babel-french.tex
Package babel Info: Importing font and identification data for french
(babel)             from babel-fr.ini. Reported on input line 11.
) (C:\Users\RomainLambert\AppData\Local\Programs\MiKTeX\tex/latex/carlisle\scalefnt.sty) (C:\Users\RomainLambert\AppData\Local\Programs\MiKTeX\tex/latex/base\inputenc.sty
Package: inputenc 2024/02/08 v1.3d Input encoding file
\inpenc@prehook=\toks20
\inpenc@posthook=\toks21
) (C:\Users\RomainLambert\AppData\Local\Programs\MiKTeX\tex/latex/base\fontenc.sty
Package: fontenc 2021/04/29 v2.0v Standard LaTeX package
LaTeX Font Info:    Trying to load font information for T1+ptm on input line 116.
 (C:\Users\RomainLambert\AppData\Local\Programs\MiKTeX\tex/latex/psnfss\t1ptm.fd
File: t1ptm.fd 2001/06/04 font definitions for T1/ptm.
)) (C:\Users\RomainLambert\AppData\Local\Programs\MiKTeX\tex/latex/float\float.sty
Package: float 2001/11/08 v1.3d Float enhancements (AL)
\c@float@type=\count286
\float@exts=\toks22
\float@box=\box53
\@float@everytoks=\toks23
\@floatcapt=\box54
) (C:\Users\RomainLambert\AppData\Local\Programs\MiKTeX\tex/latex/l3backend\l3backend-pdftex.def
File: l3backend-pdftex.def 2024-05-08 L3 backend support: PDF output (pdfTeX)
\l__color_backend_stack_int=\count287
\l__pdf_internal_box=\box55
) (Comparaison VLM VSM CFD.aux

LaTeX Warning: Label `fig:deux_graphiques' multiply defined.

)
\openout1 = `"Comparaison VLM VSM CFD.aux"'.

LaTeX Font Info:    Checking defaults for OML/cmm/m/it on input line 14.
LaTeX Font Info:    ... okay on input line 14.
LaTeX Font Info:    Checking defaults for OMS/cmsy/m/n on input line 14.
LaTeX Font Info:    ... okay on input line 14.
LaTeX Font Info:    Checking defaults for OT1/cmr/m/n on input line 14.
LaTeX Font Info:    ... okay on input line 14.
LaTeX Font Info:    Checking defaults for T1/cmr/m/n on input line 14.
LaTeX Font Info:    ... okay on input line 14.
LaTeX Font Info:    Checking defaults for TS1/cmr/m/n on input line 14.
LaTeX Font Info:    ... okay on input line 14.
LaTeX Font Info:    Checking defaults for OMX/cmex/m/n on input line 14.
LaTeX Font Info:    ... okay on input line 14.
LaTeX Font Info:    Checking defaults for U/cmr/m/n on input line 14.
LaTeX Font Info:    ... okay on input line 14.
 (C:\Users\RomainLambert\AppData\Local\Programs\MiKTeX\tex/context/base/mkii\supp-pdf.mkii
[Loading MPS to PDF converter (version 2006.09.02).]
\scratchcounter=\count288
\scratchdimen=\dimen184
\scratchbox=\box56
\nofMPsegments=\count289
\nofMParguments=\count290
\everyMPshowfont=\toks24
\MPscratchCnt=\count291
\MPscratchDim=\dimen185
\MPnumerator=\count292
\makeMPintoPDFobject=\count293
\everyMPtoPDFconversion=\toks25
) (C:\Users\RomainLambert\AppData\Local\Programs\MiKTeX\tex/latex/epstopdf-pkg\epstopdf-base.sty
Package: epstopdf-base 2020-01-24 v2.11 Base part for package epstopdf
Package epstopdf-base Info: Redefining graphics rule for `.eps' on input line 485.
 (C:\Users\RomainLambert\AppData\Local\Programs\MiKTeX\tex/latex/00miktex\epstopdf-sys.cfg
File: epstopdf-sys.cfg 2021/03/18 v2.0 Configuration of epstopdf for MiKTeX
))
Package caption Info: Begin \AtBeginDocument code.
Package caption Info: french babel package is loaded.
Package caption Info: float package is loaded.
Package caption Info: End \AtBeginDocument code.
LaTeX Info: Redefining \degres on input line 14.
LaTeX Info: Redefining \up on input line 14.


LaTeX Warning: No \author given.

** ATTENTION: Overriding command lockouts (line 28).
LaTeX Font Info:    External font `cmex10' loaded for size
(Font)              <8> on input line 37.
LaTeX Font Info:    External font `cmex10' loaded for size
(Font)              <6> on input line 37.
LaTeX Font Info:    External font `cmex10' loaded for size
(Font)              <5> on input line 37.

Underfull \hbox (badness 10000) in paragraph at lines 56--57

 []


Underfull \hbox (badness 10000) in paragraph at lines 58--59

 []


Underfull \hbox (badness 10000) in paragraph at lines 60--61

 []

<Pics/vortex VSM.png, id=1, 670.00313pt x 375.65344pt>
File: Pics/vortex VSM.png Graphic file (type png)
<use Pics/vortex VSM.png>
Package pdftex.def Info: Pics/vortex VSM.png  used on input line 72.
(pdftex.def)             Requested size: 361.19843pt x 202.51164pt.


[1{C:/Users/RomainLambert/AppData/Local/MiKTeX/fonts/map/pdftex/pdftex.map}{C:/Users/RomainLambert/AppData/Local/Programs/MiKTeX/fonts/enc/dvips/base/8r.enc}]
Underfull \hbox (badness 10000) in paragraph at lines 78--79

 []

<Pics/Panneaux VSM.png, id=11, 583.42969pt x 223.58531pt>
File: Pics/Panneaux VSM.png Graphic file (type png)
<use Pics/Panneaux VSM.png>
Package pdftex.def Info: Pics/Panneaux VSM.png  used on input line 82.
(pdftex.def)             Requested size: 361.19843pt x 138.42357pt.
LaTeX Font Info:    External font `cmex10' loaded for size
(Font)              <7> on input line 90.
<Pics/kite delft vsm.png, id=12, 793.16325pt x 809.06265pt>
File: Pics/kite delft vsm.png Graphic file (type png)
<use Pics/kite delft vsm.png>
Package pdftex.def Info: Pics/kite delft vsm.png  used on input line 122.
(pdftex.def)             Requested size: 232.19843pt x 236.8443pt.
<Pics/kite delft vlm.png, id=13, 685.1196pt x 685.1196pt>
File: Pics/kite delft vlm.png Graphic file (type png)
<use Pics/kite delft vlm.png>
Package pdftex.def Info: Pics/kite delft vlm.png  used on input line 129.
(pdftex.def)             Requested size: 232.19843pt x 232.19534pt.


[2 <./Pics/vortex VSM.png> <./Pics/Panneaux VSM.png>]
<Pics/polar delft.png, id=26, 833.9958pt x 837.6093pt>
File: Pics/polar delft.png Graphic file (type png)
<use Pics/polar delft.png>
Package pdftex.def Info: Pics/polar delft.png  used on input line 139.
(pdftex.def)             Requested size: 361.19843pt x 362.77228pt.


[3 <./Pics/kite delft vsm.png> <./Pics/kite delft vlm.png>]
<Pics/circulation DELFT.png, id=32, 1149.093pt x 711.8595pt>
File: Pics/circulation DELFT.png Graphic file (type png)
<use Pics/circulation DELFT.png>
Package pdftex.def Info: Pics/circulation DELFT.png  used on input line 146.
(pdftex.def)             Requested size: 361.19843pt x 223.75899pt.
<Pics/kite beyond vsm.png, id=33, 792.8019pt x 808.7013pt>
File: Pics/kite beyond vsm.png Graphic file (type png)
<use Pics/kite beyond vsm.png>
Package pdftex.def Info: Pics/kite beyond vsm.png  used on input line 158.
(pdftex.def)             Requested size: 232.19843pt x 236.84958pt.
<Pics/kite beyond vlm.png, id=34, 685.1196pt x 685.1196pt>
File: Pics/kite beyond vlm.png Graphic file (type png)
<use Pics/kite beyond vlm.png>
Package pdftex.def Info: Pics/kite beyond vlm.png  used on input line 165.
(pdftex.def)             Requested size: 232.19843pt x 232.19534pt.


[4 <./Pics/polar delft.png> <./Pics/circulation DELFT.png>]
<Pics/polar BEYOND.png, id=40, 828.9369pt x 837.6093pt>
File: Pics/polar BEYOND.png Graphic file (type png)
<use Pics/polar BEYOND.png>
Package pdftex.def Info: Pics/polar BEYOND.png  used on input line 175.
(pdftex.def)             Requested size: 361.19843pt x 364.98337pt.


[5 <./Pics/kite beyond vsm.png> <./Pics/kite beyond vlm.png>]

LaTeX Warning: File `Pics/circulation BEYOND.png' not found on input line 182.


c:/Users/RomainLambert/BEYOND_THE_SEA/COMPTE RENDU/03_-_VSM/Comparaison VLM VSM CFD.tex:182: Package pdftex.def Error: File `Pics/circulation BEYOND.png' not found: using draft setting.

See the pdftex.def package documentation for explanation.
Type  H <return>  for immediate help.
 ...                                              
                                                  
l.182 ...7\textwidth]{Pics/circulation BEYOND.png}
                                                  
Try typing  <return>  to proceed.
If that doesn't work, type  X <return>  to quit.

LaTeX Font Info:    Trying to load font information for T1+pcr on input line 182.
(C:\Users\RomainLambert\AppData\Local\Programs\MiKTeX\tex/latex/psnfss\t1pcr.fd
File: t1pcr.fd 2001/06/04 font definitions for T1/pcr.
)

[6 <./Pics/polar BEYOND.png>]
Underfull \hbox (badness 10000) in paragraph at lines 189--192

 []


** Conference Paper **
Before submitting the final camera ready copy, remember to:

 1. Manually equalize the lengths of two columns on the last page
 of your paper;

 2. Ensure that any PostScript and/or PDF output post-processing
 uses only Type 1 fonts and that every step in the generation
 process uses the appropriate paper size.



[7] (c:\Users\RomainLambert\BEYOND_THE_SEA\COMPTE RENDU\03_-_VSM\build\Comparaison VLM VSM CFD.aux)
 ***********
LaTeX2e <2024-06-01> patch level 2
L3 programming layer <2024-08-30>
 ***********


LaTeX Warning: There were multiply-defined labels.

 ) 
Here is how much of TeX's memory you used:
 5974 strings out of 473899
 111146 string characters out of 5722724
 507819 words of memory out of 5000000
 28808 multiletter control sequences out of 15000+600000
 662826 words of font info for 134 fonts, out of 8000000 for 9000
 1145 hyphenation exceptions out of 8191
 67i,8n,77p,580b,466s stack positions out of 10000i,1000n,20000p,200000b,200000s
<C:/Users/RomainLambert/AppData/Local/Programs/MiKTeX/fonts/type1/public/amsfonts/cm/cmmi10.pfb><C:/Users/RomainLambert/AppData/Local/Programs/MiKTeX/fonts/type1/public/amsfonts/cm/cmmi5.pfb><C:/Users/RomainLambert/AppData/Local/Programs/MiKTeX/fonts/type1/public/amsfonts/cm/cmmi7.pfb><C:/Users/RomainLambert/AppData/Local/Programs/MiKTeX/fonts/type1/public/amsfonts/cm/cmr10.pfb><C:/Users/RomainLambert/AppData/Local/Programs/MiKTeX/fonts/type1/public/amsfonts/cm/cmr7.pfb><C:/Users/RomainLambert/AppData/Local/Programs/MiKTeX/fonts/type1/public/amsfonts/cm/cmsy10.pfb><C:/Users/RomainLambert/AppData/Local/Programs/MiKTeX/fonts/type1/public/amsfonts/cm/cmsy7.pfb><C:/Users/RomainLambert/AppData/Local/Programs/MiKTeX/fonts/type1/urw/courier/ucrr8a.pfb><C:/Users/RomainLambert/AppData/Local/Programs/MiKTeX/fonts/type1/urw/times/utmb8a.pfb><C:/Users/RomainLambert/AppData/Local/Programs/MiKTeX/fonts/type1/urw/times/utmbi8a.pfb><C:/Users/RomainLambert/AppData/Local/Programs/MiKTeX/fonts/type1/urw/times/utmr8a.pfb><C:/Users/RomainLambert/AppData/Local/Programs/MiKTeX/fonts/type1/urw/times/utmri8a.pfb>
Output written on "c:\Users\RomainLambert\BEYOND_THE_SEA\COMPTE RENDU\03_-_VSM\build\Comparaison VLM VSM CFD.pdf" (7 pages, 2161919 bytes).
PDF statistics:
 106 PDF objects out of 1000 (max. 8388607)
 0 named destinations out of 1000 (max. 500000)
 46 words of extra memory for PDF output out of 10000 (max. 10000000)

