This is pdfTeX, Version 3.141592653-2.6-1.40.26 (MiKTeX 24.4) (preloaded format=pdflatex 2024.9.24)  6 DEC 2024 10:46
entering extended mode
 restricted \write18 enabled.
 file:line:error style messages enabled.
 %&-line parsing enabled.
**"c:/Users/RomainLambert/BEYOND_THE_SEA/COMPTE RENDU/99_-_Rapport Ozone SFE/main.tex"
(c:/Users/RomainLambert/BEYOND_THE_SEA/COMPTE RENDU/99_-_Rapport Ozone SFE/main.tex
LaTeX2e <2024-06-01> patch level 2
L3 programming layer <2024-08-30>
(DEEclass.cls
Document Class: DEEclass DEEclass v1.3 DEE@ISEP
(C:\Users\RomainLambert\AppData\Local\Programs\MiKTeX\tex/latex/etoolbox\etoolbox.sty
Package: etoolbox 2020/10/05 v2.5k e-TeX tools for LaTeX (JAW)
\etb@tempcnta=\count194
) (C:\Users\RomainLambert\AppData\Local\Programs\MiKTeX\tex/latex/l3packages/xparse\xparse.sty (C:\Users\RomainLambert\AppData\Local\Programs\MiKTeX\tex/latex/l3kernel\expl3.sty
Package: expl3 2024-08-30 L3 programming layer (loader) 
 (C:\Users\RomainLambert\AppData\Local\Programs\MiKTeX\tex/latex/l3backend\l3backend-pdftex.def
File: l3backend-pdftex.def 2024-05-08 L3 backend support: PDF output (pdfTeX)
\l__color_backend_stack_int=\count195
\l__pdf_internal_box=\box52
))
Package: xparse 2024-08-16 L3 Experimental document command parser
) (C:\Users\RomainLambert\AppData\Local\Programs\MiKTeX\tex/latex/base\book.cls
Document Class: book 2024/02/08 v1.4n Standard LaTeX document class
(C:\Users\RomainLambert\AppData\Local\Programs\MiKTeX\tex/latex/base\bk11.clo
File: bk11.clo 2024/02/08 v1.4n Standard LaTeX file (size option)
)
\c@part=\count196
\c@chapter=\count197
\c@section=\count198
\c@subsection=\count199
\c@subsubsection=\count266
\c@paragraph=\count267
\c@subparagraph=\count268
\c@figure=\count269
\c@table=\count270
\abovecaptionskip=\skip49
\belowcaptionskip=\skip50
\bibindent=\dimen141
) (C:\Users\RomainLambert\AppData\Local\Programs\MiKTeX\tex/latex/base\inputenc.sty
Package: inputenc 2024/02/08 v1.3d Input encoding file
\inpenc@prehook=\toks17
\inpenc@posthook=\toks18
) (C:\Users\RomainLambert\AppData\Local\Programs\MiKTeX\tex/latex/base\fontenc.sty
Package: fontenc 2021/04/29 v2.0v Standard LaTeX package
) (C:\Users\RomainLambert\AppData\Local\Programs\MiKTeX\tex/latex/lm\lmodern.sty
Package: lmodern 2015/05/01 v1.6.1 Latin Modern Fonts
LaTeX Font Info:    Overwriting symbol font `operators' in version `normal'
(Font)                  OT1/cmr/m/n --> OT1/lmr/m/n on input line 22.
LaTeX Font Info:    Overwriting symbol font `letters' in version `normal'
(Font)                  OML/cmm/m/it --> OML/lmm/m/it on input line 23.
LaTeX Font Info:    Overwriting symbol font `symbols' in version `normal'
(Font)                  OMS/cmsy/m/n --> OMS/lmsy/m/n on input line 24.
LaTeX Font Info:    Overwriting symbol font `largesymbols' in version `normal'
(Font)                  OMX/cmex/m/n --> OMX/lmex/m/n on input line 25.
LaTeX Font Info:    Overwriting symbol font `operators' in version `bold'
(Font)                  OT1/cmr/bx/n --> OT1/lmr/bx/n on input line 26.
LaTeX Font Info:    Overwriting symbol font `letters' in version `bold'
(Font)                  OML/cmm/b/it --> OML/lmm/b/it on input line 27.
LaTeX Font Info:    Overwriting symbol font `symbols' in version `bold'
(Font)                  OMS/cmsy/b/n --> OMS/lmsy/b/n on input line 28.
LaTeX Font Info:    Overwriting symbol font `largesymbols' in version `bold'
(Font)                  OMX/cmex/m/n --> OMX/lmex/m/n on input line 29.
LaTeX Font Info:    Overwriting math alphabet `\mathbf' in version `normal'
(Font)                  OT1/cmr/bx/n --> OT1/lmr/bx/n on input line 31.
LaTeX Font Info:    Overwriting math alphabet `\mathsf' in version `normal'
(Font)                  OT1/cmss/m/n --> OT1/lmss/m/n on input line 32.
LaTeX Font Info:    Overwriting math alphabet `\mathit' in version `normal'
(Font)                  OT1/cmr/m/it --> OT1/lmr/m/it on input line 33.
LaTeX Font Info:    Overwriting math alphabet `\mathtt' in version `normal'
(Font)                  OT1/cmtt/m/n --> OT1/lmtt/m/n on input line 34.
LaTeX Font Info:    Overwriting math alphabet `\mathbf' in version `bold'
(Font)                  OT1/cmr/bx/n --> OT1/lmr/bx/n on input line 35.
LaTeX Font Info:    Overwriting math alphabet `\mathsf' in version `bold'
(Font)                  OT1/cmss/bx/n --> OT1/lmss/bx/n on input line 36.
LaTeX Font Info:    Overwriting math alphabet `\mathit' in version `bold'
(Font)                  OT1/cmr/bx/it --> OT1/lmr/bx/it on input line 37.
LaTeX Font Info:    Overwriting math alphabet `\mathtt' in version `bold'
(Font)                  OT1/cmtt/m/n --> OT1/lmtt/m/n on input line 38.
) (C:\Users\RomainLambert\AppData\Local\Programs\MiKTeX\tex/generic/babel\babel.sty
Package: babel 2024/08/29 v24.9 The Babel package
\babel@savecnt=\count271
\U@D=\dimen142
\l@unhyphenated=\language79
 (C:\Users\RomainLambert\AppData\Local\Programs\MiKTeX\tex/generic/babel\txtbabel.def)
\bbl@readstream=\read2
\bbl@dirlevel=\count272

*************************************
* Local config file bblopts.cfg used
*
(C:\Users\RomainLambert\AppData\Local\Programs\MiKTeX\tex/latex/arabi\bblopts.cfg
File: bblopts.cfg 2005/09/08 v0.1 add Arabic and Farsi to "declared" options of babel
) (C:\Users\RomainLambert\AppData\Local\Programs\MiKTeX\tex/latex/babel-english\english.ldf
Language: english 2017/06/06 v3.3r English support from the babel system
Package babel Info: Hyphen rules for 'canadian' set to \l@english
(babel)             (\language0). Reported on input line 102.
Package babel Info: Hyphen rules for 'australian' set to \l@ukenglish
(babel)             (\language73). Reported on input line 105.
Package babel Info: Hyphen rules for 'newzealand' set to \l@ukenglish
(babel)             (\language73). Reported on input line 108.
)) (C:\Users\RomainLambert\AppData\Local\Programs\MiKTeX\tex/generic/babel/locale/en\babel-english.tex
Package babel Info: Importing font and identification data for english
(babel)             from babel-en.ini. Reported on input line 11.
) (C:\Users\RomainLambert\AppData\Local\Programs\MiKTeX\tex/latex/koma-script\scrbase.sty
Package: scrbase 2024/10/24 v3.43 KOMA-Script package (KOMA-Script-independent basics and keyval usage)
 (C:\Users\RomainLambert\AppData\Local\Programs\MiKTeX\tex/latex/koma-script\scrlfile.sty
Package: scrlfile 2024/10/24 v3.43 KOMA-Script package (file load hooks)
 (C:\Users\RomainLambert\AppData\Local\Programs\MiKTeX\tex/latex/koma-script\scrlfile-hook.sty
Package: scrlfile-hook 2024/10/24 v3.43 KOMA-Script package (using LaTeX hooks)
 (C:\Users\RomainLambert\AppData\Local\Programs\MiKTeX\tex/latex/koma-script\scrlogo.sty
Package: scrlogo 2024/10/24 v3.43 KOMA-Script package (logo)
))) (C:\Users\RomainLambert\AppData\Local\Programs\MiKTeX\tex/latex/graphics\keyval.sty
Package: keyval 2022/05/29 v1.15 key=value parser (DPC)
\KV@toks@=\toks19
)
Applying: [2021/05/01] Usage of raw or classic option list on input line 254.
Already applied: [0000/00/00] Usage of raw or classic option list on input line 370.
) (C:\Users\RomainLambert\AppData\Local\Programs\MiKTeX\tex/latex/scrhack\scrhack.sty
Package: scrhack 2024-09-04 v3.42 scrhack emulation package
) (C:\Users\RomainLambert\AppData\Local\Programs\MiKTeX\tex/latex/tools\longtable.sty
Package: longtable 2024-04-26 v4.20 Multi-page Table package (DPC)
\LTleft=\skip51
\LTright=\skip52
\LTpre=\skip53
\LTpost=\skip54
\LTchunksize=\count273
\LTcapwidth=\dimen143
\LT@head=\box53
\LT@firsthead=\box54
\LT@foot=\box55
\LT@lastfoot=\box56
\LT@gbox=\box57
\LT@cols=\count274
\LT@rows=\count275
\c@LT@tables=\count276
\c@LT@chunks=\count277
\LT@p@ftn=\toks20
) (C:\Users\RomainLambert\AppData\Local\Programs\MiKTeX\tex/latex/xcolor\xcolor.sty
Package: xcolor 2023/11/15 v3.01 LaTeX color extensions (UK)
 (C:\Users\RomainLambert\AppData\Local\Programs\MiKTeX\tex/latex/graphics-cfg\color.cfg
File: color.cfg 2016/01/02 v1.6 sample color configuration
)
Package xcolor Info: Driver file: pdftex.def on input line 274.
 (C:\Users\RomainLambert\AppData\Local\Programs\MiKTeX\tex/latex/graphics-def\pdftex.def
File: pdftex.def 2024/04/13 v1.2c Graphics/color driver for pdftex
) (C:\Users\RomainLambert\AppData\Local\Programs\MiKTeX\tex/latex/graphics\mathcolor.ltx)
Package xcolor Info: Model `cmy' substituted by `cmy0' on input line 1350.
Package xcolor Info: Model `hsb' substituted by `rgb' on input line 1354.
Package xcolor Info: Model `RGB' extended on input line 1366.
Package xcolor Info: Model `HTML' substituted by `rgb' on input line 1368.
Package xcolor Info: Model `Hsb' substituted by `hsb' on input line 1369.
Package xcolor Info: Model `tHsb' substituted by `hsb' on input line 1370.
Package xcolor Info: Model `HSB' substituted by `hsb' on input line 1371.
Package xcolor Info: Model `Gray' substituted by `gray' on input line 1372.
Package xcolor Info: Model `wave' substituted by `hsb' on input line 1373.
) (C:\Users\RomainLambert\AppData\Local\Programs\MiKTeX\tex/latex/graphics\graphicx.sty
Package: graphicx 2021/09/16 v1.2d Enhanced LaTeX Graphics (DPC,SPQR)
 (C:\Users\RomainLambert\AppData\Local\Programs\MiKTeX\tex/latex/graphics\graphics.sty
Package: graphics 2024/05/23 v1.4g Standard LaTeX Graphics (DPC,SPQR)
 (C:\Users\RomainLambert\AppData\Local\Programs\MiKTeX\tex/latex/graphics\trig.sty
Package: trig 2023/12/02 v1.11 sin cos tan (DPC)
) (C:\Users\RomainLambert\AppData\Local\Programs\MiKTeX\tex/latex/graphics-cfg\graphics.cfg
File: graphics.cfg 2016/06/04 v1.11 sample graphics configuration
)
Package graphics Info: Driver file: pdftex.def on input line 106.
)
\Gin@req@height=\dimen144
\Gin@req@width=\dimen145
) (C:\Users\RomainLambert\AppData\Local\Programs\MiKTeX\tex/latex/booktabs\booktabs.sty
Package: booktabs 2020/01/12 v1.61803398 Publication quality tables
\heavyrulewidth=\dimen146
\lightrulewidth=\dimen147
\cmidrulewidth=\dimen148
\belowrulesep=\dimen149
\belowbottomsep=\dimen150
\aboverulesep=\dimen151
\abovetopsep=\dimen152
\cmidrulesep=\dimen153
\cmidrulekern=\dimen154
\defaultaddspace=\dimen155
\@cmidla=\count278
\@cmidlb=\count279
\@aboverulesep=\dimen156
\@belowrulesep=\dimen157
\@thisruleclass=\count280
\@lastruleclass=\count281
\@thisrulewidth=\dimen158
) (C:\Users\RomainLambert\AppData\Local\Programs\MiKTeX\tex/latex/caption\caption.sty
Package: caption 2023/08/05 v3.6o Customizing captions (AR)
 (C:\Users\RomainLambert\AppData\Local\Programs\MiKTeX\tex/latex/caption\caption3.sty
Package: caption3 2023/07/31 v2.4d caption3 kernel (AR)
\caption@tempdima=\dimen159
\captionmargin=\dimen160
\caption@leftmargin=\dimen161
\caption@rightmargin=\dimen162
\caption@width=\dimen163
\caption@indent=\dimen164
\caption@parindent=\dimen165
\caption@hangindent=\dimen166
Package caption Info: Standard document class detected.
)
\c@caption@flags=\count282
\c@continuedfloat=\count283
Package caption Info: longtable package is loaded.
 (C:\Users\RomainLambert\AppData\Local\Programs\MiKTeX\tex/latex/caption\ltcaption.sty
Package: ltcaption 2021/01/08 v1.4c longtable captions (AR)
)) (C:\Users\RomainLambert\AppData\Local\Programs\MiKTeX\tex/latex/csquotes\csquotes.sty
Package: csquotes 2024-04-04 v5.2o context-sensitive quotations (JAW)
\csq@reset=\count284
\csq@gtype=\count285
\csq@glevel=\count286
\csq@qlevel=\count287
\csq@maxlvl=\count288
\csq@tshold=\count289
\csq@ltx@everypar=\toks21
 (C:\Users\RomainLambert\AppData\Local\Programs\MiKTeX\tex/latex/csquotes\csquotes.def
File: csquotes.def 2024-04-04 v5.2o csquotes generic definitions (JAW)
)
Package csquotes Info: Trying to load configuration file 'csquotes.cfg'...
Package csquotes Info: ... configuration file loaded successfully.
 (C:\Users\RomainLambert\AppData\Local\Programs\MiKTeX\tex/latex/csquotes\csquotes.cfg
File: csquotes.cfg 
)
Package csquotes Info: Enabling multilingual quotes.
) (C:\Users\RomainLambert\AppData\Local\Programs\MiKTeX\tex/latex/hyperref\hyperref.sty
Package: hyperref 2024-07-10 v7.01j Hypertext links for LaTeX
 (C:\Users\RomainLambert\AppData\Local\Programs\MiKTeX\tex/generic/iftex\iftex.sty
Package: iftex 2022/02/03 v1.0f TeX engine tests
) (C:\Users\RomainLambert\AppData\Local\Programs\MiKTeX\tex/latex/kvsetkeys\kvsetkeys.sty
Package: kvsetkeys 2022-10-05 v1.19 Key value parser (HO)
) (C:\Users\RomainLambert\AppData\Local\Programs\MiKTeX\tex/generic/kvdefinekeys\kvdefinekeys.sty
Package: kvdefinekeys 2019-12-19 v1.6 Define keys (HO)
) (C:\Users\RomainLambert\AppData\Local\Programs\MiKTeX\tex/generic/pdfescape\pdfescape.sty
Package: pdfescape 2019/12/09 v1.15 Implements pdfTeX's escape features (HO)
 (C:\Users\RomainLambert\AppData\Local\Programs\MiKTeX\tex/generic/ltxcmds\ltxcmds.sty
Package: ltxcmds 2023-12-04 v1.26 LaTeX kernel commands for general use (HO)
) (C:\Users\RomainLambert\AppData\Local\Programs\MiKTeX\tex/generic/pdftexcmds\pdftexcmds.sty
Package: pdftexcmds 2020-06-27 v0.33 Utility functions of pdfTeX for LuaTeX (HO)
 (C:\Users\RomainLambert\AppData\Local\Programs\MiKTeX\tex/generic/infwarerr\infwarerr.sty
Package: infwarerr 2019/12/03 v1.5 Providing info/warning/error messages (HO)
)
Package pdftexcmds Info: \pdf@primitive is available.
Package pdftexcmds Info: \pdf@ifprimitive is available.
Package pdftexcmds Info: \pdfdraftmode found.
)) (C:\Users\RomainLambert\AppData\Local\Programs\MiKTeX\tex/latex/hycolor\hycolor.sty
Package: hycolor 2020-01-27 v1.10 Color options for hyperref/bookmark (HO)
) (C:\Users\RomainLambert\AppData\Local\Programs\MiKTeX\tex/latex/hyperref\nameref.sty
Package: nameref 2023-11-26 v2.56 Cross-referencing by name of section
 (C:\Users\RomainLambert\AppData\Local\Programs\MiKTeX\tex/latex/refcount\refcount.sty
Package: refcount 2019/12/15 v3.6 Data extraction from label references (HO)
) (C:\Users\RomainLambert\AppData\Local\Programs\MiKTeX\tex/generic/gettitlestring\gettitlestring.sty
Package: gettitlestring 2019/12/15 v1.6 Cleanup title references (HO)
 (C:\Users\RomainLambert\AppData\Local\Programs\MiKTeX\tex/latex/kvoptions\kvoptions.sty
Package: kvoptions 2022-06-15 v3.15 Key value format for package options (HO)
))
\c@section@level=\count290
) (C:\Users\RomainLambert\AppData\Local\Programs\MiKTeX\tex/generic/stringenc\stringenc.sty
Package: stringenc 2019/11/29 v1.12 Convert strings between diff. encodings (HO)
)
\@linkdim=\dimen167
\Hy@linkcounter=\count291
\Hy@pagecounter=\count292
 (C:\Users\RomainLambert\AppData\Local\Programs\MiKTeX\tex/latex/hyperref\pd1enc.def
File: pd1enc.def 2024-07-10 v7.01j Hyperref: PDFDocEncoding definition (HO)
Now handling font encoding PD1 ...
... no UTF-8 mapping file for font encoding PD1
) (C:\Users\RomainLambert\AppData\Local\Programs\MiKTeX\tex/generic/intcalc\intcalc.sty
Package: intcalc 2019/12/15 v1.3 Expandable calculations with integers (HO)
)
\Hy@SavedSpaceFactor=\count293
 (C:\Users\RomainLambert\AppData\Local\Programs\MiKTeX\tex/latex/hyperref\puenc.def
File: puenc.def 2024-07-10 v7.01j Hyperref: PDF Unicode definition (HO)
Now handling font encoding PU ...
... no UTF-8 mapping file for font encoding PU
)
Package hyperref Info: Hyper figures OFF on input line 4157.
Package hyperref Info: Link nesting OFF on input line 4162.
Package hyperref Info: Hyper index ON on input line 4165.
Package hyperref Info: Plain pages OFF on input line 4172.
Package hyperref Info: Backreferencing OFF on input line 4177.
Package hyperref Info: Implicit mode ON; LaTeX internals redefined.
Package hyperref Info: Bookmarks ON on input line 4424.
\c@Hy@tempcnt=\count294
 (C:\Users\RomainLambert\AppData\Local\Programs\MiKTeX\tex/latex/url\url.sty
\Urlmuskip=\muskip17
Package: url 2013/09/16  ver 3.4  Verb mode for urls, etc.
)
LaTeX Info: Redefining \url on input line 4763.
\XeTeXLinkMargin=\dimen168
 (C:\Users\RomainLambert\AppData\Local\Programs\MiKTeX\tex/generic/bitset\bitset.sty
Package: bitset 2019/12/09 v1.3 Handle bit-vector datatype (HO)
 (C:\Users\RomainLambert\AppData\Local\Programs\MiKTeX\tex/generic/bigintcalc\bigintcalc.sty
Package: bigintcalc 2019/12/15 v1.5 Expandable calculations on big integers (HO)
))
\Fld@menulength=\count295
\Field@Width=\dimen169
\Fld@charsize=\dimen170
Package hyperref Info: Hyper figures OFF on input line 6042.
Package hyperref Info: Link nesting OFF on input line 6047.
Package hyperref Info: Hyper index ON on input line 6050.
Package hyperref Info: backreferencing OFF on input line 6057.
Package hyperref Info: Link coloring OFF on input line 6062.
Package hyperref Info: Link coloring with OCG OFF on input line 6067.
Package hyperref Info: PDF/A mode OFF on input line 6072.
 (C:\Users\RomainLambert\AppData\Local\Programs\MiKTeX\tex/latex/base\atbegshi-ltx.sty
Package: atbegshi-ltx 2021/01/10 v1.0c Emulation of the original atbegshi
package with kernel methods
)
\Hy@abspage=\count296
\c@Item=\count297
\c@Hfootnote=\count298
)
Package hyperref Info: Driver (autodetected): hpdftex.
 (C:\Users\RomainLambert\AppData\Local\Programs\MiKTeX\tex/latex/hyperref\hpdftex.def
File: hpdftex.def 2024-07-10 v7.01j Hyperref driver for pdfTeX
 (C:\Users\RomainLambert\AppData\Local\Programs\MiKTeX\tex/latex/base\atveryend-ltx.sty
Package: atveryend-ltx 2020/08/19 v1.0a Emulation of the original atveryend package
with kernel methods
)
\Fld@listcount=\count299
\c@bookmark@seq@number=\count300
 (C:\Users\RomainLambert\AppData\Local\Programs\MiKTeX\tex/latex/rerunfilecheck\rerunfilecheck.sty
Package: rerunfilecheck 2022-07-10 v1.10 Rerun checks for auxiliary files (HO)
 (C:\Users\RomainLambert\AppData\Local\Programs\MiKTeX\tex/generic/uniquecounter\uniquecounter.sty
Package: uniquecounter 2019/12/15 v1.4 Provide unlimited unique counter (HO)
)
Package uniquecounter Info: New unique counter `rerunfilecheck' on input line 285.
)
\Hy@SectionHShift=\skip55
)
Package hyperref Info: Option `bookmarksopen' set `true' on input line 201.
Package hyperref Info: Option `breaklinks' set `true' on input line 201.
 (C:\Users\RomainLambert\AppData\Local\Programs\MiKTeX\tex/latex/tools\calc.sty
Package: calc 2023/07/08 v4.3 Infix arithmetic (KKT,FJ)
\calc@Acount=\count301
\calc@Bcount=\count302
\calc@Adimen=\dimen171
\calc@Bdimen=\dimen172
\calc@Askip=\skip56
\calc@Bskip=\skip57
LaTeX Info: Redefining \setlength on input line 80.
LaTeX Info: Redefining \addtolength on input line 81.
\calc@Ccount=\count303
\calc@Cskip=\skip58
) (C:\Users\RomainLambert\AppData\Local\Programs\MiKTeX\tex/latex/listings\listings.sty
\lst@mode=\count304
\lst@gtempboxa=\box58
\lst@token=\toks22
\lst@length=\count305
\lst@currlwidth=\dimen173
\lst@column=\count306
\lst@pos=\count307
\lst@lostspace=\dimen174
\lst@width=\dimen175
\lst@newlines=\count308
\lst@lineno=\count309
\lst@maxwidth=\dimen176
 (C:\Users\RomainLambert\AppData\Local\Programs\MiKTeX\tex/latex/listings\lstpatch.sty
File: lstpatch.sty 2024/05/25 1.10b (Carsten Heinz)
) (C:\Users\RomainLambert\AppData\Local\Programs\MiKTeX\tex/latex/listings\lstmisc.sty
File: lstmisc.sty 2024/05/25 1.10b (Carsten Heinz)
\c@lstnumber=\count310
\lst@skipnumbers=\count311
\lst@framebox=\box59
) (C:\Users\RomainLambert\AppData\Local\Programs\MiKTeX\tex/latex/listings\listings.cfg
File: listings.cfg 2024/05/25 1.10b listings configuration
))
Package: listings 2024/05/25 1.10b (Carsten Heinz)
 (C:\Users\RomainLambert\AppData\Local\Programs\MiKTeX\tex/latex/datetime2\datetime2.sty
Package: datetime2 2021/03/21 v1.5.7 (NLCT) date and time formats
 (C:\Users\RomainLambert\AppData\Local\Programs\MiKTeX\tex/latex/tracklang\tracklang.sty
Package: tracklang 2022/12/13 v1.6.1 (NLCT) Track Languages
 (C:\Users\RomainLambert\AppData\Local\Programs\MiKTeX\tex/generic/tracklang\tracklang.tex)) (C:\Users\RomainLambert\AppData\Local\Programs\MiKTeX\tex/latex/xkeyval\xkeyval.sty
Package: xkeyval 2022/06/16 v2.9 package option processing (HA)
 (C:\Users\RomainLambert\AppData\Local\Programs\MiKTeX\tex/generic/xkeyval\xkeyval.tex (C:\Users\RomainLambert\AppData\Local\Programs\MiKTeX\tex/generic/xkeyval\xkvutils.tex
\XKV@toks=\toks23
\XKV@tempa@toks=\toks24
)
\XKV@depth=\count312
File: xkeyval.tex 2014/12/03 v2.7a key=value parser (HA)
)) (C:\Users\RomainLambert\AppData\Local\Programs\MiKTeX\tex/latex/datetime2-english\datetime2-english.ldf
File: datetime2-english.ldf 2019/10/21 v1.05 (NLCT)
 (C:\Users\RomainLambert\AppData\Local\Programs\MiKTeX\tex/latex/datetime2-english\datetime2-english-base.ldf
File: datetime2-english-base.ldf 2019/10/21 v1.05 (NLCT)
)) (C:\Users\RomainLambert\AppData\Local\Programs\MiKTeX\tex/latex/datetime2-portuges\datetime2-portuges.ldf
File: datetime2-portuges.ldf 2018/08/21 v1.1
 (C:\Users\RomainLambert\AppData\Local\Programs\MiKTeX\tex/generic/iftex\ifxetex.sty
Package: ifxetex 2019/10/25 v0.7 ifxetex legacy package. Use iftex instead.
) (C:\Users\RomainLambert\AppData\Local\Programs\MiKTeX\tex/generic/iftex\ifluatex.sty
Package: ifluatex 2019/10/25 v1.5 ifluatex legacy package. Use iftex instead.
) (C:\Users\RomainLambert\AppData\Local\Programs\MiKTeX\tex/latex/datetime2-portuges\datetime2-portuges-ascii.ldf
File: datetime2-portuges-ascii.ldf 2018/08/21 v1.1
)) (C:\Users\RomainLambert\AppData\Local\Programs\MiKTeX\tex/latex/datetime2\datetime2-calc.sty
Package: datetime2-calc 2021/03/21 v1.5.7 (NLCT)
 (C:\Users\RomainLambert\AppData\Local\Programs\MiKTeX\tex/latex/pgf/utilities\pgfkeys.sty (C:\Users\RomainLambert\AppData\Local\Programs\MiKTeX\tex/generic/pgf/utilities\pgfkeys.code.tex
\pgfkeys@pathtoks=\toks25
\pgfkeys@temptoks=\toks26
 (C:\Users\RomainLambert\AppData\Local\Programs\MiKTeX\tex/generic/pgf/utilities\pgfkeyslibraryfiltered.code.tex
\pgfkeys@tmptoks=\toks27
))) (C:\Users\RomainLambert\AppData\Local\Programs\MiKTeX\tex/latex/pgf/utilities\pgfcalendar.sty (C:\Users\RomainLambert\AppData\Local\Programs\MiKTeX\tex/latex/pgf/utilities\pgfrcs.sty (C:\Users\RomainLambert\AppData\Local\Programs\MiKTeX\tex/generic/pgf/utilities\pgfutil-common.tex
\pgfutil@everybye=\toks28
\pgfutil@tempdima=\dimen177
\pgfutil@tempdimb=\dimen178
) (C:\Users\RomainLambert\AppData\Local\Programs\MiKTeX\tex/generic/pgf/utilities\pgfutil-latex.def
\pgfutil@abb=\box60
) (C:\Users\RomainLambert\AppData\Local\Programs\MiKTeX\tex/generic/pgf/utilities\pgfrcs.code.tex (C:\Users\RomainLambert\AppData\Local\Programs\MiKTeX\tex/generic/pgf\pgf.revision.tex)
Package: pgfrcs 2023-01-15 v3.1.10 (3.1.10)
)) (C:\Users\RomainLambert\AppData\Local\Programs\MiKTeX\tex/generic/pgf/utilities\pgfcalendar.code.tex
File: pgfcalendar.code.tex 2023-01-15 v3.1.10 (3.1.10)
 (C:\Users\RomainLambert\AppData\Local\Programs\MiKTeX\tex/generic/pgf/math\pgfint.code.tex)
\pgfcalendarcurrentjulian=\count313
\pgf@cal@easter@Y=\count314
\pgf@cal@easter@G=\count315
\pgf@cal@easter@C=\count316
\pgf@cal@easter@X=\count317
\pgf@cal@easter@Z=\count318
\pgf@cal@easter@D=\count319
\pgf@cal@easter@E=\count320
\pgf@cal@easter@N=\count321
\pgf@cal@easter@M=\count322
\pgf@cal@easter@julianday=\count323
))
\@dtm@julianday=\count324
)) (C:\Users\RomainLambert\AppData\Local\Programs\MiKTeX\tex/latex/siunitx\siunitx.sty
Package: siunitx 2024-11-19 v3.3.24 A comprehensive (SI) units package
\l__siunitx_number_uncert_offset_int=\count325
\l__siunitx_number_exponent_fixed_int=\count326
\l__siunitx_number_min_decimal_int=\count327
\l__siunitx_number_min_integer_int=\count328
\l__siunitx_number_round_precision_int=\count329
\l__siunitx_number_lower_threshold_int=\count330
\l__siunitx_number_upper_threshold_int=\count331
\l__siunitx_number_group_first_int=\count332
\l__siunitx_number_group_size_int=\count333
\l__siunitx_number_group_minimum_int=\count334
\l__siunitx_angle_tmp_dim=\dimen179
\l__siunitx_angle_marker_box=\box61
\l__siunitx_angle_unit_box=\box62
\l__siunitx_compound_count_int=\count335
 (C:\Users\RomainLambert\AppData\Local\Programs\MiKTeX\tex/latex/translations\translations.sty
Package: translations 2022/02/05 v1.12 internationalization of LaTeX2e packages (CN)
) (C:\Users\RomainLambert\AppData\Local\Programs\MiKTeX\tex/latex/amsmath\amstext.sty
Package: amstext 2021/08/26 v2.01 AMS text
 (C:\Users\RomainLambert\AppData\Local\Programs\MiKTeX\tex/latex/amsmath\amsgen.sty
File: amsgen.sty 1999/11/30 v2.0 generic functions
\@emptytoks=\toks29
\ex@=\dimen180
))
\l__siunitx_table_tmp_box=\box63
\l__siunitx_table_tmp_dim=\dimen181
\l__siunitx_table_column_width_dim=\dimen182
\l__siunitx_table_integer_box=\box64
\l__siunitx_table_decimal_box=\box65
\l__siunitx_table_uncert_box=\box66
\l__siunitx_table_before_box=\box67
\l__siunitx_table_after_box=\box68
\l__siunitx_table_before_dim=\dimen183
\l__siunitx_table_carry_dim=\dimen184
\l__siunitx_unit_tmp_int=\count336
\l__siunitx_unit_position_int=\count337
\l__siunitx_unit_total_int=\count338
 (C:\Users\RomainLambert\AppData\Local\Programs\MiKTeX\tex/latex/tools\array.sty
Package: array 2024/06/14 v2.6d Tabular extension package (FMi)
\col@sep=\dimen185
\ar@mcellbox=\box69
\extrarowheight=\dimen186
\NC@list=\toks30
\extratabsurround=\skip59
\backup@length=\skip60
\ar@cellbox=\box70
)) (C:\Users\RomainLambert\AppData\Local\Programs\MiKTeX\tex/latex/glossaries/base\glossaries.sty
Package: glossaries 2024/11/01 v4.55 (NLCT)
 (C:\Users\RomainLambert\AppData\Local\Programs\MiKTeX\tex/latex/base\ifthen.sty
Package: ifthen 2024/03/16 v1.1e Standard LaTeX ifthen package (DPC)
) (C:\Users\RomainLambert\AppData\Local\Programs\MiKTeX\tex/latex/mfirstuc\mfirstuc.sty
Package: mfirstuc 2022/10/14 v2.08 (NLCT)
\@glsmfirst=\toks31
\@glsmrest=\toks32
) (C:\Users\RomainLambert\AppData\Local\Programs\MiKTeX\tex/latex/xfor\xfor.sty
Package: xfor 2009/02/05 v1.05 (NLCT)
) () (C:\Users\RomainLambert\AppData\Local\Programs\MiKTeX\tex/latex/translator\translator.sty
Package: translator 2021-05-31 v1.12d Easy translation of strings in LaTeX
LaTeX Info: Redefining \translate on input line 184.
) (C:\Users\RomainLambert\AppData\Local\Programs\MiKTeX\tex/latex/glossaries-english\glossaries-english.ldf
File: glossaries-english.ldf 2014/11/23 v1.0
) (C:\Users\RomainLambert\AppData\Local\Programs\MiKTeX\tex/latex/glossaries-portuges\glossaries-portuges.ldf
File: glossaries-portuges.ldf 2014/11/23 v1.0
 (C:\Users\RomainLambert\AppData\Local\Programs\MiKTeX\tex/latex/glossaries-portuges\glossaries-portuges-utf8.ldf)) (C:\Users\RomainLambert\AppData\Local\Programs\MiKTeX\tex/latex/datatool\datatool-base.sty
Package: datatool-base 2019/09/27 v2.32 (NLCT)
 (C:\Users\RomainLambert\AppData\Local\Programs\MiKTeX\tex/latex/amsmath\amsmath.sty
Package: amsmath 2024/05/23 v2.17q AMS math features
\@mathmargin=\skip61

For additional information on amsmath, use the `?' option.
(C:\Users\RomainLambert\AppData\Local\Programs\MiKTeX\tex/latex/amsmath\amsbsy.sty
Package: amsbsy 1999/11/29 v1.2d Bold Symbols
\pmbraise@=\dimen187
) (C:\Users\RomainLambert\AppData\Local\Programs\MiKTeX\tex/latex/amsmath\amsopn.sty
Package: amsopn 2022/04/08 v2.04 operator names
)
\inf@bad=\count339
LaTeX Info: Redefining \frac on input line 233.
\uproot@=\count340
\leftroot@=\count341
LaTeX Info: Redefining \overline on input line 398.
LaTeX Info: Redefining \colon on input line 409.
\classnum@=\count342
\DOTSCASE@=\count343
LaTeX Info: Redefining \ldots on input line 495.
LaTeX Info: Redefining \dots on input line 498.
LaTeX Info: Redefining \cdots on input line 619.
\Mathstrutbox@=\box71
\strutbox@=\box72
LaTeX Info: Redefining \big on input line 721.
LaTeX Info: Redefining \Big on input line 722.
LaTeX Info: Redefining \bigg on input line 723.
LaTeX Info: Redefining \Bigg on input line 724.
\big@size=\dimen188
LaTeX Font Info:    Redeclaring font encoding OML on input line 742.
LaTeX Font Info:    Redeclaring font encoding OMS on input line 743.
\macc@depth=\count344
LaTeX Info: Redefining \bmod on input line 904.
LaTeX Info: Redefining \pmod on input line 909.
LaTeX Info: Redefining \smash on input line 939.
LaTeX Info: Redefining \relbar on input line 969.
LaTeX Info: Redefining \Relbar on input line 970.
\c@MaxMatrixCols=\count345
\dotsspace@=\muskip18
\c@parentequation=\count346
\dspbrk@lvl=\count347
\tag@help=\toks33
\row@=\count348
\column@=\count349
\maxfields@=\count350
\andhelp@=\toks34
\eqnshift@=\dimen189
\alignsep@=\dimen190
\tagshift@=\dimen191
\tagwidth@=\dimen192
\totwidth@=\dimen193
\lineht@=\dimen194
\@envbody=\toks35
\multlinegap=\skip62
\multlinetaggap=\skip63
\mathdisplay@stack=\toks36
LaTeX Info: Redefining \[ on input line 2953.
LaTeX Info: Redefining \] on input line 2954.
) (C:\Users\RomainLambert\AppData\Local\Programs\MiKTeX\tex/latex/substr\substr.sty
Package: substr 2009/10/20 v1.2 Handle substrings
\c@su@anzahl=\count351
) (C:\Users\RomainLambert\AppData\Local\Programs\MiKTeX\tex/latex/datatool\datatool-fp.sty
Package: datatool-fp 2019/09/27 v2.32 (NLCT)
 (C:\Users\RomainLambert\AppData\Local\Programs\MiKTeX\tex/latex/fp\fp.sty
Package: fp 1995/04/02
 `Fixed Point Package', Version 0.8, April 2, 1995 (C) Michael Mehlich (C:\Users\RomainLambert\AppData\Local\Programs\MiKTeX\tex/latex/fp\defpattern.sty
Package: defpattern 1994/10/12
\actioncount=\count352
) (C:\Users\RomainLambert\AppData\Local\Programs\MiKTeX\tex/latex/fp\fp-basic.sty
Package: fp-basic 1996/05/13
\FP@xs=\count353
\FP@xia=\count354
\FP@xib=\count355
\FP@xfa=\count356
\FP@xfb=\count357
\FP@rega=\count358
\FP@regb=\count359
\FP@regs=\count360
\FP@times=\count361
) (C:\Users\RomainLambert\AppData\Local\Programs\MiKTeX\tex/latex/fp\fp-addons.sty
Package: fp-addons 1995/03/15
) (C:\Users\RomainLambert\AppData\Local\Programs\MiKTeX\tex/latex/fp\fp-snap.sty
Package: fp-snap 1995/04/05
) (C:\Users\RomainLambert\AppData\Local\Programs\MiKTeX\tex/latex/fp\fp-exp.sty
Package: fp-exp 1995/04/03
) (C:\Users\RomainLambert\AppData\Local\Programs\MiKTeX\tex/latex/fp\fp-trigo.sty
Package: fp-trigo 1995/04/14
) (C:\Users\RomainLambert\AppData\Local\Programs\MiKTeX\tex/latex/fp\fp-pas.sty
Package: fp-pas 1994/08/29
) (C:\Users\RomainLambert\AppData\Local\Programs\MiKTeX\tex/latex/fp\fp-random.sty
Package: fp-random 1995/02/23
\FPseed=\count362
) (C:\Users\RomainLambert\AppData\Local\Programs\MiKTeX\tex/latex/fp\fp-eqn.sty
Package: fp-eqn 1995/04/03
) (C:\Users\RomainLambert\AppData\Local\Programs\MiKTeX\tex/latex/fp\fp-upn.sty
Package: fp-upn 1996/10/21
) (C:\Users\RomainLambert\AppData\Local\Programs\MiKTeX\tex/latex/fp\fp-eval.sty
Package: fp-eval 1995/04/03
)))
\@dtl@toks=\toks37
\@dtl@tmpcount=\count363
\dtl@tmplength=\skip64
\dtl@sortresult=\count364
\@dtl@numgrpsepcount=\count365
\@dtl@datatype=\count366
\dtl@codeA=\count367
\dtl@codeB=\count368
\@dtl@foreach@level=\count369
)
\gls@level=\count370
\@gls@tmpb=\toks38
\gls@tmplen=\skip65
\glskeylisttok=\toks39
\glslabeltok=\toks40
\glsshorttok=\toks41
\glslongtok=\toks42
 (C:\Users\RomainLambert\AppData\Local\Programs\MiKTeX\tex/latex/glossaries/styles\glossary-hypernav.sty
Package: glossary-hypernav 2024/11/01 v4.55 (NLCT)
) (C:\Users\RomainLambert\AppData\Local\Programs\MiKTeX\tex/latex/glossaries/styles\glossary-list.sty
Package: glossary-list 2024/11/01 v4.55 (NLCT)
\glslistdottedwidth=\skip66
) (C:\Users\RomainLambert\AppData\Local\Programs\MiKTeX\tex/latex/glossaries/styles\glossary-long.sty
Package: glossary-long 2024/11/01 v4.55 (NLCT)
\glsdescwidth=\skip67
\glspagelistwidth=\skip68
) (C:\Users\RomainLambert\AppData\Local\Programs\MiKTeX\tex/latex/glossaries/styles\glossary-super.sty
Package: glossary-super 2024/11/01 v4.55 (NLCT)
 (C:\Users\RomainLambert\AppData\Local\Programs\MiKTeX\tex/latex/supertabular\supertabular.sty
Package: supertabular 2024/07/20 v4.2c the supertabular environment
\c@tracingst=\count371
\ST@wd=\dimen195
\ST@rightskip=\skip69
\ST@leftskip=\skip70
\ST@parfillskip=\skip71
\ST@pageleft=\dimen196
\ST@headht=\dimen197
\ST@tailht=\dimen198
\ST@pagesofar=\dimen199
\ST@pboxht=\dimen256
\ST@rowht=\dimen257
\ST@prevht=\dimen258
\ST@toadd=\dimen259
\ST@dimen=\dimen260
\ST@pbox=\box73
)) (C:\Users\RomainLambert\AppData\Local\Programs\MiKTeX\tex/latex/glossaries/styles\glossary-tree.sty
Package: glossary-tree 2024/11/01 v4.55 (NLCT)
\glstreeindent=\skip72
)) (C:\Users\RomainLambert\AppData\Local\Programs\MiKTeX\tex/latex/enumitem\enumitem.sty
Package: enumitem 2019/06/20 v3.9 Customized lists
\labelindent=\skip73
\enit@outerparindent=\dimen261
\enit@toks=\toks43
\enit@inbox=\box74
\enit@count@id=\count372
\enitdp@description=\count373
) (C:\Users\RomainLambert\AppData\Local\Programs\MiKTeX\tex/latex/notoccite\notoccite.sty
Package: notoccite 2000/07/20
) (C:\Users\RomainLambert\AppData\Local\Programs\MiKTeX\tex/latex/appendix\appendix.sty
Package: appendix 2020/02/08 v1.2c extra appendix facilities
\c@@pps=\count374
\c@@ppsavesec=\count375
\c@@ppsaveapp=\count376
)
\c@theorem=\count377
\c@corollary=\count378
\c@lemma=\count379
 (C:\Users\RomainLambert\AppData\Local\Programs\MiKTeX\tex/latex/hyperref\backref.sty
Package: backref 2023-11-26 v1.44 Bibliographical back referencing
) (C:\Users\RomainLambert\AppData\Local\Programs\MiKTeX\tex/latex/setspace\setspace.sty
Package: setspace 2022/12/04 v6.7b set line spacing
) (C:\Users\RomainLambert\AppData\Local\Programs\MiKTeX\tex/latex/setspaceenhanced\setspaceenhanced.sty
Package: setspaceenhanced 2024-11-12 v1.04 improved setspace package
) (C:\Users\RomainLambert\AppData\Local\Programs\MiKTeX\tex/latex/geometry\geometry.sty
Package: geometry 2020/01/02 v5.9 Page Geometry
 (C:\Users\RomainLambert\AppData\Local\Programs\MiKTeX\tex/generic/iftex\ifvtex.sty
Package: ifvtex 2019/10/25 v1.7 ifvtex legacy package. Use iftex instead.
)
\Gm@cnth=\count380
\Gm@cntv=\count381
\c@Gm@tempcnt=\count382
\Gm@bindingoffset=\dimen262
\Gm@wd@mp=\dimen263
\Gm@odd@mp=\dimen264
\Gm@even@mp=\dimen265
\Gm@layoutwidth=\dimen266
\Gm@layoutheight=\dimen267
\Gm@layouthoffset=\dimen268
\Gm@layoutvoffset=\dimen269
\Gm@dimlist=\toks44
 (C:\Users\RomainLambert\AppData\Local\Programs\MiKTeX\tex/latex/geometry\geometry.cfg)) (C:\Users\RomainLambert\AppData\Local\Programs\MiKTeX\tex/latex/koma-script\scrlayer-scrpage.sty
Package: scrlayer-scrpage 2024/10/24 v3.43 KOMA-Script package (end user interface for scrlayer)
 (C:\Users\RomainLambert\AppData\Local\Programs\MiKTeX\tex/latex/koma-script\scrlayer.sty
Package: scrlayer 2024/10/24 v3.43 KOMA-Script package (defining layers and page styles)
 (C:\Users\RomainLambert\AppData\Local\Programs\MiKTeX\tex/latex/koma-script\scrkbase.sty
Package: scrkbase 2024/10/24 v3.43 KOMA-Script package (KOMA-Script-dependent basics and keyval usage)
)
\footheight=\skip74
Package scrlayer Info: patching LaTeX kernel macro \pagestyle on input line 2182.
)
Package scrbase Info: Unknown processing state.
(scrbase)             Processing option `markcase=used'
(scrbase)             of member `.scrlayer-scrpage.sty' of family
(scrbase)             `KOMA' doesn't set
(scrbase)             a valid state. This will be interpreted
(scrbase)             as \FamilyKeyStateProcessed on input line 649.
)
\myheight=\skip75
\mydepth=\skip76
)

LaTeX Warning: \include should only be used after \begin{document} on input line 11.

(preamble.tex (C:\Users\RomainLambert\AppData\Local\Programs\MiKTeX\tex/latex/amsfonts\amsfonts.sty
Package: amsfonts 2013/01/14 v3.01 Basic AMSFonts support
\symAMSa=\mathgroup4
\symAMSb=\mathgroup5
LaTeX Font Info:    Redeclaring math symbol \hbar on input line 98.
LaTeX Font Info:    Overwriting math alphabet `\mathfrak' in version `bold'
(Font)                  U/euf/m/n --> U/euf/b/n on input line 106.
) (C:\Users\RomainLambert\AppData\Local\Programs\MiKTeX\tex/latex/amsfonts\amssymb.sty
Package: amssymb 2013/01/14 v3.01 AMS font symbols
) (C:\Users\RomainLambert\AppData\Local\Programs\MiKTeX\tex/latex/jknappen\mathrsfs.sty
Package: mathrsfs 1996/01/01 Math RSFS package v1.0 (jk)
\symrsfs=\mathgroup6
) (C:\Users\RomainLambert\AppData\Local\Programs\MiKTeX\tex/latex/float\float.sty
Package: float 2001/11/08 v1.3d Float enhancements (AL)
\c@float@type=\count383
\float@exts=\toks45
\float@box=\box75
\@float@everytoks=\toks46
\@floatcapt=\box76
) (C:\Users\RomainLambert\AppData\Local\Programs\MiKTeX\tex/latex/floatbytocbasic\floatbytocbasic.sty
Package: floatbytocbasic 2023-08-16 v1.0 improved float package using tocbasic
 (C:\Users\RomainLambert\AppData\Local\Programs\MiKTeX\tex/latex/koma-script\tocbasic.sty
Package: tocbasic 2024/10/24 v3.43 KOMA-Script package (handling toc-files)
\scr@dte@tocline@numberwidth=\skip77
\scr@dte@tocline@numbox=\box77
) (C:\Users\RomainLambert\AppData\Local\Programs\MiKTeX\tex/latex/xpatch\xpatch.sty
Package: xpatch 2020/03/25 v0.3a Extending etoolbox patching commands
)) (C:\Users\RomainLambert\AppData\Local\Programs\MiKTeX\tex/latex/multirow\multirow.sty
Package: multirow 2024/11/12 v2.9 Span multiple rows of a table
\multirow@colwidth=\skip78
\multirow@cntb=\count384
\multirow@dima=\skip79
\bigstrutjot=\dimen270
) (C:\Users\RomainLambert\AppData\Local\Programs\MiKTeX\tex/latex/caption\subcaption.sty
Package: subcaption 2023/07/28 v1.6b Sub-captions (AR)
Package caption Info: New subtype `subfigure' on input line 238.
\c@subfigure=\count385
Package caption Info: New subtype `subtable' on input line 238.
\c@subtable=\count386
) (C:\Users\RomainLambert\AppData\Local\Programs\MiKTeX\tex/latex/graphics\lscape.sty
Package: lscape 2020/05/28 v3.02 Landscape Pages (DPC)
) (C:\Users\RomainLambert\AppData\Local\Programs\MiKTeX\tex/latex/lscapeenhanced\lscapeenhanced.sty
Package: lscapeenhanced 2024-04-16 v1.0 improved lscape package
Package lscapeenhanced Info: \landscape patched to make \textheight change optional on input line 72.
\@lscapeenhanced@textheight=\skip80
) (C:\Users\RomainLambert\AppData\Local\Programs\MiKTeX\tex/latex/tools\verbatim.sty
Package: verbatim 2024-01-22 v1.5x LaTeX2e package for verbatim enhancements
\every@verbatim=\toks47
\verbatim@line=\toks48
\verbatim@in@stream=\read3
) (C:\Users\RomainLambert\AppData\Local\Programs\MiKTeX\tex/latex/tools\multicol.sty
Package: multicol 2024/05/23 v1.9h multicolumn formatting (FMi)
\c@tracingmulticols=\count387
\mult@box=\box78
\multicol@leftmargin=\dimen271
\c@unbalance=\count388
\c@collectmore=\count389
\doublecol@number=\count390
\multicoltolerance=\count391
\multicolpretolerance=\count392
\full@width=\dimen272
\page@free=\dimen273
\premulticols=\dimen274
\postmulticols=\dimen275
\multicolsep=\skip81
\multicolbaselineskip=\skip82
\partial@page=\box79
\last@line=\box80
\mc@boxedresult=\box81
\maxbalancingoverflow=\dimen276
\mult@rightbox=\box82
\mult@grightbox=\box83
\mult@firstbox=\box84
\mult@gfirstbox=\box85
\@tempa=\box86
\@tempa=\box87
\@tempa=\box88
\@tempa=\box89
\@tempa=\box90
\@tempa=\box91
\@tempa=\box92
\@tempa=\box93
\@tempa=\box94
\@tempa=\box95
\@tempa=\box96
\@tempa=\box97
\@tempa=\box98
\@tempa=\box99
\@tempa=\box100
\@tempa=\box101
\@tempa=\box102
\@tempa=\box103
\@tempa=\box104
\@tempa=\box105
\@tempa=\box106
\@tempa=\box107
\@tempa=\box108
\@tempa=\box109
\@tempa=\box110
\@tempa=\box111
\@tempa=\box112
\@tempa=\box113
\@tempa=\box114
\@tempa=\box115
\@tempa=\box116
\@tempa=\box117
\@tempa=\box118
\@tempa=\box119
\@tempa=\box120
\@tempa=\box121
\c@minrows=\count393
\c@columnbadness=\count394
\c@finalcolumnbadness=\count395
\last@try=\dimen277
\multicolovershoot=\dimen278
\multicolundershoot=\dimen279
\mult@nat@firstbox=\box122
\colbreak@box=\box123
\mc@col@check@num=\count396
) (C:\Users\RomainLambert\AppData\Local\Programs\MiKTeX\tex/latex/nomencl\nomencl.sty
Package: nomencl 2021/11/10 v5.6 Nomenclature package
Package tocbasic Info: setting babel extension for `nlo' on input line 187.
Package tocbasic Info: setting babel extension for `nls' on input line 188.
\nomlabelwidth=\dimen280
\nom@tempdim=\dimen281
\nomitemsep=\skip83
)
\@nomenclaturefile=\write3
\openout3 = `main.nlo'.

Package nomencl Info: Writing nomenclature file main.nlo on input line 18.
runsystem(makeindex -s main.ist -t main.glg -o main.gls main.glo)...executed safely (allowed).

runsystem(makeindex -s main.ist -t main.alg -o main.acr main.acn)...executed safely (allowed).

\glswrite=\write4
\glo@main@file=\write5
\openout5 = `main.glo'.

Package glossaries Info: Writing glossary file main.glo on input line 20.
\glo@acronym@file=\write6
\openout6 = `main.acn'.

Package glossaries Info: Writing glossary file main.acn on input line 20.
 (C:\Users\RomainLambert\AppData\Local\Programs\MiKTeX\tex/latex/wrapfig\wrapfig.sty
\wrapoverhang=\dimen282
\WF@size=\dimen283
\c@WF@wrappedlines=\count397
\WF@box=\box124
\WF@everypar=\toks49
Package: wrapfig 2003/01/31  v 3.6
) (C:\Users\RomainLambert\AppData\Local\Programs\MiKTeX\tex/latex/lipsum\lipsum.sty (C:\Users\RomainLambert\AppData\Local\Programs\MiKTeX\tex/latex/l3packages/l3keys2e\l3keys2e.sty
Package: l3keys2e 2024-08-16 LaTeX2e option processing using LaTeX3 keys
)
Package: lipsum 2021-09-20 v2.7 150 paragraphs of Lorem Ipsum dummy text
\g__lipsum_par_int=\count398
\l__lipsum_a_int=\count399
\l__lipsum_b_int=\count400
 (C:\Users\RomainLambert\AppData\Local\Programs\MiKTeX\tex/latex/lipsum\lipsum.ltd.tex)))
Package csquotes Info: Checking for multilingual support...
Package csquotes Info: ... found 'babel' package.
LaTeX Font Info:    Trying to load font information for T1+lmr on input line 28.
 (C:\Users\RomainLambert\AppData\Local\Programs\MiKTeX\tex/latex/lm\t1lmr.fd
File: t1lmr.fd 2015/05/01 v1.6.1 Font defs for Latin Modern
) (c:\Users\RomainLambert\BEYOND_THE_SEA\COMPTE RENDU\99_-_Rapport Ozone SFE\build\main.aux)
\openout1 = `main.aux'.

LaTeX Font Info:    Checking defaults for OML/cmm/m/it on input line 28.
LaTeX Font Info:    ... okay on input line 28.
LaTeX Font Info:    Checking defaults for OMS/cmsy/m/n on input line 28.
LaTeX Font Info:    ... okay on input line 28.
LaTeX Font Info:    Checking defaults for OT1/cmr/m/n on input line 28.
LaTeX Font Info:    ... okay on input line 28.
LaTeX Font Info:    Checking defaults for T1/cmr/m/n on input line 28.
LaTeX Font Info:    ... okay on input line 28.
LaTeX Font Info:    Checking defaults for TS1/cmr/m/n on input line 28.
LaTeX Font Info:    ... okay on input line 28.
LaTeX Font Info:    Checking defaults for OMX/cmex/m/n on input line 28.
LaTeX Font Info:    ... okay on input line 28.
LaTeX Font Info:    Checking defaults for U/cmr/m/n on input line 28.
LaTeX Font Info:    ... okay on input line 28.
LaTeX Font Info:    Checking defaults for PD1/pdf/m/n on input line 28.
LaTeX Font Info:    ... okay on input line 28.
LaTeX Font Info:    Checking defaults for PU/pdf/m/n on input line 28.
LaTeX Font Info:    ... okay on input line 28.
 (C:\Users\RomainLambert\AppData\Local\Programs\MiKTeX\tex/context/base/mkii\supp-pdf.mkii
[Loading MPS to PDF converter (version 2006.09.02).]
\scratchcounter=\count401
\scratchdimen=\dimen284
\scratchbox=\box125
\nofMPsegments=\count402
\nofMParguments=\count403
\everyMPshowfont=\toks50
\MPscratchCnt=\count404
\MPscratchDim=\dimen285
\MPnumerator=\count405
\makeMPintoPDFobject=\count406
\everyMPtoPDFconversion=\toks51
) (C:\Users\RomainLambert\AppData\Local\Programs\MiKTeX\tex/latex/epstopdf-pkg\epstopdf-base.sty
Package: epstopdf-base 2020-01-24 v2.11 Base part for package epstopdf
Package epstopdf-base Info: Redefining graphics rule for `.eps' on input line 485.
 (C:\Users\RomainLambert\AppData\Local\Programs\MiKTeX\tex/latex/00miktex\epstopdf-sys.cfg
File: epstopdf-sys.cfg 2021/03/18 v2.0 Configuration of epstopdf for MiKTeX
))
Package caption Info: Begin \AtBeginDocument code.
Package caption Info: float package is loaded.
Package caption Info: hyperref package is loaded.
Package caption Info: listings package is loaded.
Package caption Info: supertabular package is loaded.
Package caption Info: wrapfig package is loaded.
Package caption Info: End \AtBeginDocument code.
Package hyperref Info: Link coloring OFF on input line 28.
\@outlinefile=\write7
\openout7 = `main.out'.

\c@lstlisting=\count407
Package tocbasic Info: setting babel extension for `lol' on input line 28.
 (C:\Users\RomainLambert\AppData\Local\Programs\MiKTeX\tex/latex/translations/dicts\translations-basic-dictionary-english.trsl
File: translations-basic-dictionary-english.trsl (english translation file `translations-basic-dictionary')
)
Package translations Info: loading dictionary `translations-basic-dictionary' for `english'. on input line 28.
 (C:\Users\RomainLambert\AppData\Local\Programs\MiKTeX\tex/latex/glossaries-english\glossaries-dictionary-English.dict
Dictionary: glossaries-dictionary, Language: English 
)
Package scrbase Info: activating english \reftocname on input line 28.
Package scrbase Info: activating english \degreetemp on input line 28.
Package scrbase Info: activating english \studentlabel on input line 28.
Package scrbase Info: activating english \nblabel on input line 28.
Package scrbase Info: activating english \advisorlabel on input line 28.
Package scrbase Info: activating english \coadvisorlabel on input line 28.
Package scrbase Info: activating english \supervisorlabel on input line 28.
Package scrbase Info: activating english \companylabel on input line 28.
Package scrbase Info: activating english \abstraclabel on input line 28.

*geometry* driver: auto-detecting
*geometry* detected driver: pdftex
*geometry* verbose mode - [ preamble ] result:
* driver: pdftex
* paper: a4paper
* layout: <same size as paper>
* layoutoffset:(h,v)=(0.0pt,0.0pt)
* bindingoffset: 14.22636pt
* modes: twoside 
* h-part:(L,W,R)=(85.35826pt, 398.33861pt, 99.58464pt)
* v-part:(T,H,B)=(99.58464pt, 660.10394pt, 85.35826pt)
* \paperwidth=597.50787pt
* \paperheight=845.04684pt
* \textwidth=398.33861pt
* \textheight=660.10394pt
* \oddsidemargin=27.31464pt
* \evensidemargin=27.31465pt
* \topmargin=-11.41278pt
* \headheight=18.85364pt
* \headsep=19.8738pt
* \topskip=11.0pt
* \footskip=27.46295pt
* \marginparwidth=106.0pt
* \marginparsep=7.0pt
* \columnsep=10.0pt
* \skip\footins=10.0pt plus 4.0pt minus 2.0pt
* \hoffset=0.0pt
* \voffset=0.0pt
* \mag=1000
* \@twocolumnfalse
* \@twosidetrue
* \@mparswitchtrue
* \@reversemarginfalse
* (1in=72.27pt=25.4mm, 1cm=28.453pt)


c:/Users/RomainLambert/BEYOND_THE_SEA/COMPTE RENDU/99_-_Rapport Ozone SFE/main.tex:32: LaTeX Error: There's no line here to end.

See the LaTeX manual or LaTeX Companion for explanation.
Type  H <return>  for immediate help.
 ...                                              
                                                  
l.32 \printcoverpage
                    
Your command was ignored.
Type  I <command> <return>  to replace it with another command,
or  <return>  to continue without it.


c:/Users/RomainLambert/BEYOND_THE_SEA/COMPTE RENDU/99_-_Rapport Ozone SFE/main.tex:32: LaTeX Error: There's no line here to end.

See the LaTeX manual or LaTeX Companion for explanation.
Type  H <return>  for immediate help.
 ...                                              
                                                  
l.32 \printcoverpage
                    
Your command was ignored.
Type  I <command> <return>  to replace it with another command,
or  <return>  to continue without it.

<figures/ISAE_logo.png, id=3, 451.6875pt x 274.02374pt>
File: figures/ISAE_logo.png Graphic file (type png)
<use figures/ISAE_logo.png>
Package pdftex.def Info: figures/ISAE_logo.png  used on input line 32.
(pdftex.def)             Requested size: 184.9429pt x 112.19994pt.
<figures/OZONE2.png, id=5, 332.442pt x 163.812pt>
File: figures/OZONE2.png Graphic file (type png)
<use figures/OZONE2.png>
Package pdftex.def Info: figures/OZONE2.png  used on input line 32.
(pdftex.def)             Requested size: 199.16928pt x 98.14047pt.


[1

\openout4 = `main.ist'.


{C:/Users/RomainLambert/AppData/Local/MiKTeX/fonts/map/pdftex/pdftex.map}{C:/Users/RomainLambert/AppData/Local/Programs/MiKTeX/fonts/enc/dvips/lm/lm-ec.enc} <./figures/ISAE_logo.png> <./figures/OZONE2.png>]
No file main.toc.
\tf@toc=\write8
\openout8 = `main.toc'.



LaTeX Font Info:    Trying to load font information for OT1+lmr on input line 40.
(C:\Users\RomainLambert\AppData\Local\Programs\MiKTeX\tex/latex/lm\ot1lmr.fd
File: ot1lmr.fd 2015/05/01 v1.6.1 Font defs for Latin Modern
)
LaTeX Font Info:    Trying to load font information for OML+lmm on input line 40.
 (C:\Users\RomainLambert\AppData\Local\Programs\MiKTeX\tex/latex/lm\omllmm.fd
File: omllmm.fd 2015/05/01 v1.6.1 Font defs for Latin Modern
)
LaTeX Font Info:    Trying to load font information for OMS+lmsy on input line 40.
 (C:\Users\RomainLambert\AppData\Local\Programs\MiKTeX\tex/latex/lm\omslmsy.fd
File: omslmsy.fd 2015/05/01 v1.6.1 Font defs for Latin Modern
)
LaTeX Font Info:    Trying to load font information for OMX+lmex on input line 40.
 (C:\Users\RomainLambert\AppData\Local\Programs\MiKTeX\tex/latex/lm\omxlmex.fd
File: omxlmex.fd 2015/05/01 v1.6.1 Font defs for Latin Modern
)
LaTeX Font Info:    External font `lmex10' loaded for size
(Font)              <10.95> on input line 40.
LaTeX Font Info:    External font `lmex10' loaded for size
(Font)              <8> on input line 40.
LaTeX Font Info:    External font `lmex10' loaded for size
(Font)              <6> on input line 40.
LaTeX Font Info:    Trying to load font information for U+msa on input line 40.
 (C:\Users\RomainLambert\AppData\Local\Programs\MiKTeX\tex/latex/amsfonts\umsa.fd
File: umsa.fd 2013/01/14 v3.01 AMS symbols A
)
LaTeX Font Info:    Trying to load font information for U+msb on input line 40.
 (C:\Users\RomainLambert\AppData\Local\Programs\MiKTeX\tex/latex/amsfonts\umsb.fd
File: umsb.fd 2013/01/14 v3.01 AMS symbols B
)
LaTeX Font Info:    Trying to load font information for U+rsfs on input line 40.
 (C:\Users\RomainLambert\AppData\Local\Programs\MiKTeX\tex/latex/jknappen\ursfs.fd
File: ursfs.fd 1998/03/24 rsfs font definition file (jk)
) [2

]
No file main.lof.
\tf@lof=\write9
\openout9 = `main.lof'.



[3

]
\openout2 = `nomenclature.aux'.

 (nomenclature.tex)
No file main.nls.
\openout2 = `chapters/Introduction.aux'.

(chapters/Introduction.tex
Chapter 1.
<figures/introduction/two_ozone_kite.png, id=27, 614.295pt x 339.06676pt>
File: figures/introduction/two_ozone_kite.png Graphic file (type png)
<use figures/introduction/two_ozone_kite.png>
Package pdftex.def Info: figures/introduction/two_ozone_kite.png  used on input line 15.
(pdftex.def)             Requested size: 239.00558pt x 131.91989pt.


[4





 <./figures/introduction/two_ozone_kite.png>]

LaTeX Warning: Citation `ozonekites' on page 5 undefined on input line 38.

<figures/introduction/Ozone team prsentation.png, id=36, 819.66225pt x 370.38374pt>
File: figures/introduction/Ozone team prsentation.png Graphic file (type png)
<use figures/introduction/Ozone team prsentation.png>
Package pdftex.def Info: figures/introduction/Ozone team prsentation.png  used on input line 47.
(pdftex.def)             Requested size: 398.33861pt x 179.99759pt.
LaTeX Font Info:    Trying to load font information for TS1+lmr on input line 56.
(C:\Users\RomainLambert\AppData\Local\Programs\MiKTeX\tex/latex/lm\ts1lmr.fd
File: ts1lmr.fd 2015/05/01 v1.6.1 Font defs for Latin Modern
)

[5 <./figures/introduction/Ozone team prsentation.png>]

LaTeX Warning: Citation `olympics' on page 6 undefined on input line 77.


LaTeX Warning: Citation `formula_kite' on page 6 undefined on input line 89.



[6{C:/Users/RomainLambert/AppData/Local/Programs/MiKTeX/fonts/enc/dvips/lm/lm-ts1.enc}]
<figures/introduction/suivi_course_kite_axel.png, id=51, 635.37375pt x 359.54324pt>
File: figures/introduction/suivi_course_kite_axel.png Graphic file (type png)
<use figures/introduction/suivi_course_kite_axel.png>
Package pdftex.def Info: figures/introduction/suivi_course_kite_axel.png  used on input line 93.
(pdftex.def)             Requested size: 398.33861pt x 225.4162pt.
<figures/introduction/R1V4.jpg, id=52, 903.375pt x 575.14874pt>
File: figures/introduction/R1V4.jpg Graphic file (type jpg)
<use figures/introduction/R1V4.jpg>
Package pdftex.def Info: figures/introduction/R1V4.jpg  used on input line 111.
(pdftex.def)             Requested size: 398.33861pt x 253.61034pt.
)

[7 <./figures/introduction/suivi_course_kite_axel.png>]

[8 <./figures/introduction/R1V4.jpg>]
\openout2 = `chapters/2D_steady_simulations.aux'.

 (chapters/2D_steady_simulations.tex
Chapter 2.

LaTeX Warning: Citation `cours_leloup' on page 9 undefined on input line 19.

<figures/2D steady simulations/kite flight modeling 1.png, id=66, 516.12825pt x 401.70074pt>
File: figures/2D steady simulations/kite flight modeling 1.png Graphic file (type png)
<use figures/2D steady simulations/kite flight modeling 1.png>
Package pdftex.def Info: figures/2D steady simulations/kite flight modeling 1.png  used on input line 23.
(pdftex.def)             Requested size: 278.8358pt x 217.01323pt.


[9




]
<figures/2D steady simulations/kite flight modeling 2.png, id=73, 582.37575pt x 437.83575pt>
File: figures/2D steady simulations/kite flight modeling 2.png Graphic file (type png)
<use figures/2D steady simulations/kite flight modeling 2.png>
Package pdftex.def Info: figures/2D steady simulations/kite flight modeling 2.png  used on input line 30.
(pdftex.def)             Requested size: 318.67209pt x 239.58781pt.


LaTeX Warning: Reference `kite_speed_vectors' on page 10 undefined on input line 50.



[10{C:/Users/RomainLambert/AppData/Local/Programs/MiKTeX/fonts/enc/dvips/lm/lm-mathex.enc}{C:/Users/RomainLambert/AppData/Local/Programs/MiKTeX/fonts/enc/dvips/lm/lm-mathit.enc}{C:/Users/RomainLambert/AppData/Local/Programs/MiKTeX/fonts/enc/dvips/lm/lm-rm.enc}{C:/Users/RomainLambert/AppData/Local/Programs/MiKTeX/fonts/enc/dvips/lm/lm-mathsy.enc} <./figures/2D steady simulations/kite flight modeling 1.png> <./figures/2D steady simulations/kite flight modeling 2.png>]
<figures/2D steady simulations/kite flight modeling 3.png, id=91, 252.945pt x 178.86826pt>
File: figures/2D steady simulations/kite flight modeling 3.png Graphic file (type png)
<use figures/2D steady simulations/kite flight modeling 3.png>
Package pdftex.def Info: figures/2D steady simulations/kite flight modeling 3.png  used on input line 65.
(pdftex.def)             Requested size: 199.1693pt x 140.84311pt.


LaTeX Warning: Reference `fig:The_wind_window' on page 11 undefined on input line 70.


Underfull \hbox (badness 2809) in paragraph at lines 70--71
\T1/lmr/m/n/10.95 the kite ($\OT1/lmr/m/n/10.95 ^^H\OML/lmm/m/it/10.95 ; \OT1/lmr/m/n/10.95 ^^B$\T1/lmr/m/n/10.95 ), the rider's
 []


Underfull \hbox (badness 1320) in paragraph at lines 72--73
\T1/lmr/m/n/10.95 win-dow holds sig-nif-i-cant im-
 []


Underfull \hbox (badness 1158) in paragraph at lines 72--73
\T1/lmr/m/n/10.95 por-tance in kitesurf-ing as it
 []

<figures/2D steady simulations/upwind_downwind_scheme.png, id=92, 350.5095pt x 407.121pt>
File: figures/2D steady simulations/upwind_downwind_scheme.png Graphic file (type png)
<use figures/2D steady simulations/upwind_downwind_scheme.png>
Package pdftex.def Info: figures/2D steady simulations/upwind_downwind_scheme.png  used on input line 85.
(pdftex.def)             Requested size: 199.1693pt x 231.34077pt.


[11 <./figures/2D steady simulations/kite flight modeling 3.png>]

[12 <./figures/2D steady simulations/upwind_downwind_scheme.png>]

LaTeX Warning: Reference `tab:Average_data_from_Axels_race' on page 13 undefined on input line 131.


LaTeX Warning: Reference `kite_speed_vectors_2' on page 13 undefined on input line 148.


LaTeX Warning: Reference `tab:Average_data_from_Axel's_race_2' on page 13 undefined on input line 148.

LaTeX Font Info:    External font `lmex10' loaded for size
(Font)              <10> on input line 161.
LaTeX Font Info:    External font `lmex10' loaded for size
(Font)              <7> on input line 161.
LaTeX Font Info:    External font `lmex10' loaded for size
(Font)              <5> on input line 161.

LaTeX Warning: Reference `new angles' on page 13 undefined on input line 169.


LaTeX Warning: Reference `kite_speed_vectors' on page 13 undefined on input line 169.



[13]
<figures/2D steady simulations/Angle calcul.png, id=121, 747.9945pt x 394.47375pt>
File: figures/2D steady simulations/Angle calcul.png Graphic file (type png)
<use figures/2D steady simulations/Angle calcul.png>
Package pdftex.def Info: figures/2D steady simulations/Angle calcul.png  used on input line 186.
(pdftex.def)             Requested size: 398.33861pt x 210.07529pt.
<figures/2D steady simulations/Ifremer work.png, id=122, 208.98074pt x 109.6095pt>
File: figures/2D steady simulations/Ifremer work.png Graphic file (type png)
<use figures/2D steady simulations/Ifremer work.png>
Package pdftex.def Info: figures/2D steady simulations/Ifremer work.png  used on input line 193.
(pdftex.def)             Requested size: 239.00558pt x 125.36418pt.


LaTeX Warning: Reference `tab:commonly_accepted_inlet_values' on page 14 undefined on input line 198.



[14 <./figures/2D steady simulations/Angle calcul.png> <./figures/2D steady simulations/Ifremer work.png>]
<figures/2D steady simulations/XFLR5 theory.png, id=132, 681.747pt x 380.622pt>
File: figures/2D steady simulations/XFLR5 theory.png Graphic file (type png)
<use figures/2D steady simulations/XFLR5 theory.png>
Package pdftex.def Info: figures/2D steady simulations/XFLR5 theory.png  used on input line 231.
(pdftex.def)             Requested size: 398.33861pt x 222.3987pt.


LaTeX Warning: Citation `XFLR5doc' on page 15 undefined on input line 236.


LaTeX Warning: Citation `XFOILlimits' on page 15 undefined on input line 238.



[15 <./figures/2D steady simulations/XFLR5 theory.png>]
<figures/2D steady simulations/xflr5/Cl upwind.png, id=142, 751.00575pt x 504.08325pt>
File: figures/2D steady simulations/xflr5/Cl upwind.png Graphic file (type png)
<use figures/2D steady simulations/xflr5/Cl upwind.png>
Package pdftex.def Info: figures/2D steady simulations/xflr5/Cl upwind.png  used on input line 251.
(pdftex.def)             Requested size: 199.1693pt x 133.68141pt.
<figures/2D steady simulations/xflr5/Cd upwind.png, id=143, 763.05075pt x 507.69675pt>
File: figures/2D steady simulations/xflr5/Cd upwind.png Graphic file (type png)
<use figures/2D steady simulations/xflr5/Cd upwind.png>
Package pdftex.def Info: figures/2D steady simulations/xflr5/Cd upwind.png  used on input line 256.
(pdftex.def)             Requested size: 199.1693pt x 132.51707pt.

Overfull \hbox (2.43332pt too wide) in paragraph at lines 250--260
[][] [] 
 []


LaTeX Warning: Reference `tab:commonly_accepted_inlet_values' on page 16 undefined on input line 264.

<figures/2D steady simulations/xflr5/Polar upwind.png, id=144, 754.017pt x 504.08325pt>
File: figures/2D steady simulations/xflr5/Polar upwind.png Graphic file (type png)
<use figures/2D steady simulations/xflr5/Polar upwind.png>
Package pdftex.def Info: figures/2D steady simulations/xflr5/Polar upwind.png  used on input line 268.
(pdftex.def)             Requested size: 199.1693pt x 133.15068pt.


[16 <./figures/2D steady simulations/xflr5/Cl upwind.png> <./figures/2D steady simulations/xflr5/Cd upwind.png> <./figures/2D steady simulations/xflr5/Polar upwind.png>]
<figures/2D steady simulations/xflr5/Cl downwind.png, id=156, 757.02824pt x 504.6855pt>
File: figures/2D steady simulations/xflr5/Cl downwind.png Graphic file (type png)
<use figures/2D steady simulations/xflr5/Cl downwind.png>
Package pdftex.def Info: figures/2D steady simulations/xflr5/Cl downwind.png  used on input line 285.
(pdftex.def)             Requested size: 199.1693pt x 132.77841pt.
<figures/2D steady simulations/xflr5/Cd Downwind.png, id=157, 759.43726pt x 504.6855pt>
File: figures/2D steady simulations/xflr5/Cd Downwind.png Graphic file (type png)
<use figures/2D steady simulations/xflr5/Cd Downwind.png>
Package pdftex.def Info: figures/2D steady simulations/xflr5/Cd Downwind.png  used on input line 290.
(pdftex.def)             Requested size: 199.1693pt x 132.35486pt.

Overfull \hbox (2.43332pt too wide) in paragraph at lines 284--294
[][] [] 
 []


LaTeX Warning: Reference `tab:commonly_accepted_inlet_values' on page 17 undefined on input line 298.


LaTeX Warning: Citation `XFOILlimits' on page 17 undefined on input line 298.

<figures/2D steady simulations/xflr5/Polar downwind.png, id=158, 757.6305pt x 501.67426pt>
File: figures/2D steady simulations/xflr5/Polar downwind.png Graphic file (type png)
<use figures/2D steady simulations/xflr5/Polar downwind.png>
Package pdftex.def Info: figures/2D steady simulations/xflr5/Polar downwind.png  used on input line 303.
(pdftex.def)             Requested size: 199.1693pt x 131.879pt.


[17 <./figures/2D steady simulations/xflr5/Cl downwind.png> <./figures/2D steady simulations/xflr5/Cd Downwind.png> <./figures/2D steady simulations/xflr5/Polar downwind.png>]
<figures/2D steady simulations/airfoil design/cp upwind 5deg.png, id=168, 729.32475pt x 322.806pt>
File: figures/2D steady simulations/airfoil design/cp upwind 5deg.png Graphic file (type png)
<use figures/2D steady simulations/airfoil design/cp upwind 5deg.png>
Package pdftex.def Info: figures/2D steady simulations/airfoil design/cp upwind 5deg.png  used on input line 332.
(pdftex.def)             Requested size: 199.1693pt x 88.15375pt.
<figures/2D steady simulations/airfoil design/cp downwind 10deg.png, id=169, 729.927pt x 316.18124pt>
File: figures/2D steady simulations/airfoil design/cp downwind 10deg.png Graphic file (type png)
<use figures/2D steady simulations/airfoil design/cp downwind 10deg.png>
Package pdftex.def Info: figures/2D steady simulations/airfoil design/cp downwind 10deg.png  used on input line 337.
(pdftex.def)             Requested size: 199.1693pt x 86.27226pt.

Overfull \hbox (2.43332pt too wide) in paragraph at lines 331--341
[][] [] 
 []



[18 <./figures/2D steady simulations/airfoil design/cp upwind 5deg.png> <./figures/2D steady simulations/airfoil design/cp downwind 10deg.png>]
<figures/2D steady simulations/airfoil design/foils design.png, id=179, 952.15726pt x 275.8305pt>
File: figures/2D steady simulations/airfoil design/foils design.png Graphic file (type png)
<use figures/2D steady simulations/airfoil design/foils design.png>
Package pdftex.def Info: figures/2D steady simulations/airfoil design/foils design.png  used on input line 357.
(pdftex.def)             Requested size: 318.67209pt x 92.31645pt.
<figures/2D steady simulations/airfoil design/satori 3.png, id=180, 1004.553pt x 290.88675pt>
File: figures/2D steady simulations/airfoil design/satori 3.png Graphic file (type png)
<use figures/2D steady simulations/airfoil design/satori 3.png>
Package pdftex.def Info: figures/2D steady simulations/airfoil design/satori 3.png  used on input line 367.
(pdftex.def)             Requested size: 358.5023pt x 103.80923pt.
<figures/2D steady simulations/airfoil design/satori 3, R1V5 and VMG.png, id=181, 969.6225pt x 296.307pt>
File: figures/2D steady simulations/airfoil design/satori 3, R1V5 and VMG.png Graphic file (type png)
<use figures/2D steady simulations/airfoil design/satori 3, R1V5 and VMG.png>
Package pdftex.def Info: figures/2D steady simulations/airfoil design/satori 3, R1V5 and VMG.png  used on input line 373.
(pdftex.def)             Requested size: 358.5023pt x 109.55501pt.


LaTeX Warning: Reference `fig:Cd_Cl_plot_of_the_VMG_and_R1_V5_Satori_3' on page 19 undefined on input line 381.


LaTeX Warning: Reference `fig:Polar_of_the_VMG_and_R1_V5_Satori_3' on page 19 undefined on input line 381.

<figures/2D steady simulations/xflr5/Cl vmg sat3.png, id=182, 778.107pt x 534.798pt>
File: figures/2D steady simulations/xflr5/Cl vmg sat3.png Graphic file (type png)
<use figures/2D steady simulations/xflr5/Cl vmg sat3.png>
Package pdftex.def Info: figures/2D steady simulations/xflr5/Cl vmg sat3.png  used on input line 385.
(pdftex.def)             Requested size: 199.1693pt x 136.88986pt.
<figures/2D steady simulations/xflr5/Cd vmg sat3.png, id=183, 778.107pt x 536.60475pt>
File: figures/2D steady simulations/xflr5/Cd vmg sat3.png Graphic file (type png)
<use figures/2D steady simulations/xflr5/Cd vmg sat3.png>
Package pdftex.def Info: figures/2D steady simulations/xflr5/Cd vmg sat3.png  used on input line 390.
(pdftex.def)             Requested size: 199.1693pt x 137.35233pt.

Overfull \hbox (2.43332pt too wide) in paragraph at lines 384--394
[][] [] 
 []



[19 <./figures/2D steady simulations/airfoil design/foils design.png> <./figures/2D steady simulations/airfoil design/satori 3.png> <./figures/2D steady simulations/airfoil design/satori 3, R1V5 and VMG.png>]
<figures/2D steady simulations/xflr5/polar vmg sato3.png, id=194, 776.9025pt x 532.99126pt>
File: figures/2D steady simulations/xflr5/polar vmg sato3.png Graphic file (type png)
<use figures/2D steady simulations/xflr5/polar vmg sato3.png>
Package pdftex.def Info: figures/2D steady simulations/xflr5/polar vmg sato3.png  used on input line 400.
(pdftex.def)             Requested size: 298.75395pt x 204.96234pt.


LaTeX Warning: Reference `fig:Cp_plots_of_VMG_and_R1_V5_Satori_3' on page 20 undefined on input line 405.

<figures/2D steady simulations/airfoil design/cp upwind 5deg vmg sato3.png, id=195, 746.79pt x 326.4195pt>
File: figures/2D steady simulations/airfoil design/cp upwind 5deg vmg sato3.png Graphic file (type png)
<use figures/2D steady simulations/airfoil design/cp upwind 5deg vmg sato3.png>
Package pdftex.def Info: figures/2D steady simulations/airfoil design/cp upwind 5deg vmg sato3.png  used on input line 409.
(pdftex.def)             Requested size: 199.1693pt x 87.0536pt.
<figures/2D steady simulations/airfoil design/cp downwind 10deg vmg sato3.png, id=196, 738.96075pt x 328.8285pt>
File: figures/2D steady simulations/airfoil design/cp downwind 10deg vmg sato3.png Graphic file (type png)
<use figures/2D steady simulations/airfoil design/cp downwind 10deg vmg sato3.png>
Package pdftex.def Info: figures/2D steady simulations/airfoil design/cp downwind 10deg vmg sato3.png  used on input line 414.
(pdftex.def)             Requested size: 199.1693pt x 88.62431pt.

Overfull \hbox (2.43332pt too wide) in paragraph at lines 408--418
[][] [] 
 []



[20 <./figures/2D steady simulations/xflr5/Cl vmg sat3.png> <./figures/2D steady simulations/xflr5/Cd vmg sat3.png> <./figures/2D steady simulations/xflr5/polar vmg sato3.png> <./figures/2D steady simulations/airfoil design/cp upwind 5deg vmg sato3.png> <./figures/2D steady simulations/airfoil design/cp downwind 10deg vmg sato3.png>]

LaTeX Warning: Citation `RichardsonInterpolation' on page 21 undefined on input line 457.

<figures/2D steady simulations/fluent/R1 V5 meshing.png, id=209, 805.20825pt x 471.56175pt>
File: figures/2D steady simulations/fluent/R1 V5 meshing.png Graphic file (type png)
<use figures/2D steady simulations/fluent/R1 V5 meshing.png>
Package pdftex.def Info: figures/2D steady simulations/fluent/R1 V5 meshing.png  used on input line 491.
(pdftex.def)             Requested size: 398.33861pt x 233.28346pt.


[21]
<figures/2D steady simulations/fluent/R1 V5 meshing zoom.png, id=219, 931.68076pt x 467.94826pt>
File: figures/2D steady simulations/fluent/R1 V5 meshing zoom.png Graphic file (type png)
<use figures/2D steady simulations/fluent/R1 V5 meshing zoom.png>
Package pdftex.def Info: figures/2D steady simulations/fluent/R1 V5 meshing zoom.png  used on input line 498.
(pdftex.def)             Requested size: 298.75395pt x 150.05353pt.


LaTeX Warning: Citation `turbulentmodels' on page 22 undefined on input line 514.



[22 <./figures/2D steady simulations/fluent/R1 V5 meshing.png> <./figures/2D steady simulations/fluent/R1 V5 meshing zoom.png>]

LaTeX Warning: Citation `turbulentmodels' on page 23 undefined on input line 525.


LaTeX Warning: Reference `fig:polars comparison between turbulence models on the R1 V5 Satori 3' on page 23 undefined on input line 528.


LaTeX Warning: Reference `fig:Finesse relative error between turbulence models' on page 23 undefined on input line 528.

<figures/2D steady simulations/fluent/R1V5Satori3 Spalart Allmaras VS KWSST.png, id=229, 883.50075pt x 576.9555pt>
File: figures/2D steady simulations/fluent/R1V5Satori3 Spalart Allmaras VS KWSST.png Graphic file (type png)
<use figures/2D steady simulations/fluent/R1V5Satori3 Spalart Allmaras VS KWSST.png>
Package pdftex.def Info: figures/2D steady simulations/fluent/R1V5Satori3 Spalart Allmaras VS KWSST.png  used on input line 532.
(pdftex.def)             Requested size: 298.75395pt x 195.09703pt.


[23]
<figures/2D steady simulations/fluent/finesse relative error turbulence model.png, id=234, 875.06924pt x 563.10374pt>
File: figures/2D steady simulations/fluent/finesse relative error turbulence model.png Graphic file (type png)
<use figures/2D steady simulations/fluent/finesse relative error turbulence model.png>
Package pdftex.def Info: figures/2D steady simulations/fluent/finesse relative error turbulence model.png  used on input line 539.
(pdftex.def)             Requested size: 298.75395pt x 192.24323pt.


LaTeX Warning: Reference `fig:The R1 V5 meshing under FLUENT' on page 24 undefined on input line 553.

<figures/2D steady simulations/fluent/finesse VMG SAT3 R1V5 15kts FLUENT.png, id=235, 868.4445pt x 561.89925pt>
File: figures/2D steady simulations/fluent/finesse VMG SAT3 R1V5 15kts FLUENT.png Graphic file (type png)
<use figures/2D steady simulations/fluent/finesse VMG SAT3 R1V5 15kts FLUENT.png>
Package pdftex.def Info: figures/2D steady simulations/fluent/finesse VMG SAT3 R1V5 15kts FLUENT.png  used on input line 557.
(pdftex.def)             Requested size: 199.1693pt x 128.86543pt.
<figures/2D steady simulations/fluent/finesse VMG SAT3 R1V5 35kts FLUENT.png, id=236, 877.47826pt x 561.297pt>
File: figures/2D steady simulations/fluent/finesse VMG SAT3 R1V5 35kts FLUENT.png Graphic file (type png)
<use figures/2D steady simulations/fluent/finesse VMG SAT3 R1V5 35kts FLUENT.png>
Package pdftex.def Info: figures/2D steady simulations/fluent/finesse VMG SAT3 R1V5 35kts FLUENT.png  used on input line 562.
(pdftex.def)             Requested size: 199.1693pt x 127.39978pt.

Overfull \hbox (2.43332pt too wide) in paragraph at lines 556--566
[][] [] 
 []



[24 <./figures/2D steady simulations/fluent/R1V5Satori3 Spalart Allmaras VS KWSST.png> <./figures/2D steady simulations/fluent/finesse relative error turbulence model.png>]
<figures/2D steady simulations/fluent/finesse VMG SAT3 R1V5 15kts XFLR5.png, id=245, 871.45575pt x 560.69475pt>
File: figures/2D steady simulations/fluent/finesse VMG SAT3 R1V5 15kts XFLR5.png Graphic file (type png)
<use figures/2D steady simulations/fluent/finesse VMG SAT3 R1V5 15kts XFLR5.png>
Package pdftex.def Info: figures/2D steady simulations/fluent/finesse VMG SAT3 R1V5 15kts XFLR5.png  used on input line 574.
(pdftex.def)             Requested size: 199.1693pt x 128.1443pt.
<figures/2D steady simulations/fluent/finesse VMG SAT3 R1V5 35kts XFLR5.png, id=246, 873.86475pt x 560.0925pt>
File: figures/2D steady simulations/fluent/finesse VMG SAT3 R1V5 35kts XFLR5.png Graphic file (type png)
<use figures/2D steady simulations/fluent/finesse VMG SAT3 R1V5 35kts XFLR5.png>
Package pdftex.def Info: figures/2D steady simulations/fluent/finesse VMG SAT3 R1V5 35kts XFLR5.png  used on input line 579.
(pdftex.def)             Requested size: 199.1693pt x 127.64772pt.

Overfull \hbox (2.43332pt too wide) in paragraph at lines 573--583
[][] [] 
 []


LaTeX Warning: Reference `Chapter2' on page 25 undefined on input line 589.



[25 <./figures/2D steady simulations/fluent/finesse VMG SAT3 R1V5 15kts FLUENT.png> <./figures/2D steady simulations/fluent/finesse VMG SAT3 R1V5 35kts FLUENT.png> <./figures/2D steady simulations/fluent/finesse VMG SAT3 R1V5 15kts XFLR5.png> <./figures/2D steady simulations/fluent/finesse VMG SAT3 R1V5 35kts XFLR5.png>]
<figures/2D steady simulations/results/R1 V5 Satori 3 3D view.png, id=259, 685.1196pt x 685.1196pt>
File: figures/2D steady simulations/results/R1 V5 Satori 3 3D view.png Graphic file (type png)
<use figures/2D steady simulations/results/R1 V5 Satori 3 3D view.png>
Package pdftex.def Info: figures/2D steady simulations/results/R1 V5 Satori 3 3D view.png  used on input line 595.
(pdftex.def)             Requested size: 398.33861pt x 398.35233pt.


[26 <./figures/2D steady simulations/results/R1 V5 Satori 3 3D view.png>])

[27]
\openout2 = `chapters/Optimization.aux'.

 (chapters/Optimization.tex
Chapter 3.

LaTeX Warning: Citation `aerosandbox' on page 28 undefined on input line 17.



[28




]

LaTeX Warning: Citation `neuralfoil' on page 29 undefined on input line 29.



[29]

[30]

LaTeX Warning: Citation `Kulfan' on page 31 undefined on input line 69.


LaTeX Warning: Citation `Andersson2018' on page 31 undefined on input line 76.


LaTeX Warning: Citation `ipopt' on page 31 undefined on input line 78.



[31]
<figures/Optimization/2D/Comparison intial guess and optimized airfoils.png, id=294, 838.93425pt x 301.72725pt>
File: figures/Optimization/2D/Comparison intial guess and optimized airfoils.png Graphic file (type png)
<use figures/Optimization/2D/Comparison intial guess and optimized airfoils.png>
Package pdftex.def Info: figures/Optimization/2D/Comparison intial guess and optimized airfoils.png  used on input line 182.
(pdftex.def)             Requested size: 398.33861pt x 143.26668pt.


[32]

LaTeX Warning: Reference `fig:Comparison between the Initial Guess Airfoil and the Optimized Airfoil' on page 33 undefined on input line 187.

<figures/Optimization/2D/finesse optimized and Satori3.png, id=300, 432.1746pt x 277.5168pt>
File: figures/Optimization/2D/finesse optimized and Satori3.png Graphic file (type png)
<use figures/Optimization/2D/finesse optimized and Satori3.png>
Package pdftex.def Info: figures/Optimization/2D/finesse optimized and Satori3.png  used on input line 193.
(pdftex.def)             Requested size: 398.33861pt x 255.79704pt.

LaTeX Warning: Reference `fig:Finesses of the R1 V5 Satori3 and the optimized airfoils' on page 33 undefined on input line 198.



[33 <./figures/Optimization/2D/Comparison intial guess and optimized airfoils.png> <./figures/Optimization/2D/finesse optimized and Satori3.png>]
<figures/Optimization/3D/vlm.png, id=309, 1027.84pt x 770.88pt>
File: figures/Optimization/3D/vlm.png Graphic file (type png)
<use figures/Optimization/3D/vlm.png>
Package pdftex.def Info: figures/Optimization/3D/vlm.png  used on input line 220.
(pdftex.def)             Requested size: 398.33861pt x 298.75996pt.


[34 <./figures/Optimization/3D/vlm.png (PNG copy)>]
<figures/Optimization/3D/error_span_1_2.png, id=316, 440.847pt x 319.79475pt>
File: figures/Optimization/3D/error_span_1_2.png Graphic file (type png)
<use figures/Optimization/3D/error_span_1_2.png>
Package pdftex.def Info: figures/Optimization/3D/error_span_1_2.png  used on input line 237.
(pdftex.def)             Requested size: 318.67209pt x 231.16454pt.


LaTeX Warning: Reference `fig:Relative error in lift force between a spanwise resolution of 1 and 2' on page 35 undefined on input line 242.


LaTeX Warning: Reference `fig:Relative error in lift force between a spanwise resolution of 1 and 2' on page 35 undefined on input line 242.


LaTeX Warning: Reference `fig:Relative error in lift force' on page 35 undefined on input line 242.

<figures/Optimization/3D/error_chord_7_8.png, id=317, 436.63126pt x 317.38576pt>
File: figures/Optimization/3D/error_chord_7_8.png Graphic file (type png)
<use figures/Optimization/3D/error_chord_7_8.png>
Package pdftex.def Info: figures/Optimization/3D/error_chord_7_8.png  used on input line 246.
(pdftex.def)             Requested size: 199.1693pt x 144.77396pt.
<figures/Optimization/3D/error_chord_8_9.png, id=318, 432.4155pt x 317.38576pt>
File: figures/Optimization/3D/error_chord_8_9.png Graphic file (type png)
<use figures/Optimization/3D/error_chord_8_9.png>
Package pdftex.def Info: figures/Optimization/3D/error_chord_8_9.png  used on input line 251.
(pdftex.def)             Requested size: 199.1693pt x 146.18808pt.

Overfull \hbox (2.43332pt too wide) in paragraph at lines 245--255
[][] [] 
 []



[35 <./figures/Optimization/3D/error_span_1_2.png>]

LaTeX Warning: Reference `fig:Relative error in lift force' on page 36 undefined on input line 259.



[36 <./figures/Optimization/3D/error_chord_7_8.png> <./figures/Optimization/3D/error_chord_8_9.png>]
<figures/Optimization/3D/twist along the span.png, id=334, 446.8695pt x 334.851pt>
File: figures/Optimization/3D/twist along the span.png Graphic file (type png)
<use figures/Optimization/3D/twist along the span.png>
Package pdftex.def Info: figures/Optimization/3D/twist along the span.png  used on input line 286.
(pdftex.def)             Requested size: 278.8358pt x 208.94923pt.


LaTeX Warning: Reference `fig:Result of the twist law along the span the gives the minimum drag at 9 in downwind conditions (20 knots)' on page 37 undefined on input line 291.



[37 <./figures/Optimization/3D/twist along the span.png>]

LaTeX Warning: Reference `tab:commonly_accepted_inlet_values' on page 38 undefined on input line 307.

<figures/Optimization/3D/equilibre moment.png, id=343, 307.1475pt x 212.59425pt>
File: figures/Optimization/3D/equilibre moment.png Graphic file (type png)
<use figures/Optimization/3D/equilibre moment.png>
Package pdftex.def Info: figures/Optimization/3D/equilibre moment.png  used on input line 311.
(pdftex.def)             Requested size: 398.33861pt x 275.73018pt.
<figures/Optimization/3D/moment equilibre.png, id=344, 377.61075pt x 284.86424pt>
File: figures/Optimization/3D/moment equilibre.png Graphic file (type png)
<use figures/Optimization/3D/moment equilibre.png>
Package pdftex.def Info: figures/Optimization/3D/moment equilibre.png  used on input line 318.
(pdftex.def)             Requested size: 199.1693pt x 150.24709pt.
<figures/Optimization/3D/moment equilibre bar.png, id=345, 355.92975pt x 256.5585pt>
File: figures/Optimization/3D/moment equilibre bar.png Graphic file (type png)
<use figures/Optimization/3D/moment equilibre bar.png>
Package pdftex.def Info: figures/Optimization/3D/moment equilibre bar.png  used on input line 322.
(pdftex.def)             Requested size: 199.1693pt x 143.56609pt.
<figures/Optimization/3D/moment equilibre alpha.png, id=346, 353.52075pt x 258.9675pt>
File: figures/Optimization/3D/moment equilibre alpha.png Graphic file (type png)
<use figures/Optimization/3D/moment equilibre alpha.png>
Package pdftex.def Info: figures/Optimization/3D/moment equilibre alpha.png  used on input line 326.
(pdftex.def)             Requested size: 199.1693pt x 145.89803pt.

Overfull \hbox (2.43332pt too wide) in paragraph at lines 317--329
[][] []
 []



[38 <./figures/Optimization/3D/equilibre moment.png>]

LaTeX Warning: Reference `Plots at 35 knots (Upwind conditions)' on page 39 undefined on input line 333.


LaTeX Warning: Reference `tab:commonly_accepted_inlet_values' on page 39 undefined on input line 333.

)

[39 <./figures/Optimization/3D/moment equilibre.png> <./figures/Optimization/3D/moment equilibre bar.png> <./figures/Optimization/3D/moment equilibre alpha.png>]
\openout2 = `chapters/Stability.aux'.

 (chapters/Stability.tex
Chapter 4.
<figures/Stability/front collapse.jpg, id=361, 47.4573pt x 50.70946pt>
File: figures/Stability/front collapse.jpg Graphic file (type jpg)
<use figures/Stability/front collapse.jpg>
Package pdftex.def Info: figures/Stability/front collapse.jpg  used on input line 22.
(pdftex.def)             Requested size: 199.1693pt x 212.83583pt.


[40




]
Underfull \hbox (badness 10000) in paragraph at lines 37--38

 []

<figures/Stability/Schma AB.png, id=367, 545.03625pt x 257.763pt>
File: figures/Stability/Schma AB.png Graphic file (type png)
<use figures/Stability/Schma AB.png>
Package pdftex.def Info: figures/Stability/Schma AB.png  used on input line 41.
(pdftex.def)             Requested size: 159.33301pt x 75.35112pt.

Underfull \hbox (badness 2245) in paragraph at lines 45--46
\T1/lmr/m/n/10.95 that the aero-dy-namic force com-po-
 []


Underfull \hbox (badness 2057) in paragraph at lines 45--46
\T1/lmr/m/n/10.95 higher in the A lines than the B
 []


Underfull \hbox (badness 10000) in paragraph at lines 45--46

 []

<figures/Stability/schma tension AB.png, id=368, 498.06075pt x 295.70474pt>
File: figures/Stability/schma tension AB.png Graphic file (type png)
<use figures/Stability/schma tension AB.png>
Package pdftex.def Info: figures/Stability/schma tension AB.png  used on input line 52.
(pdftex.def)             Requested size: 358.5023pt x 212.8576pt.


[41 <./figures/Stability/front collapse.jpg> <./figures/Stability/Schma AB.png>]
Underfull \hbox (badness 10000) in paragraph at lines 74--75

 []


LaTeX Warning: Reference `sec:Ch3.1' on page 42 undefined on input line 84.


Underfull \hbox (badness 10000) in paragraph at lines 84--85

 []



[42 <./figures/Stability/schma tension AB.png>]
<figures/Stability/airfoils stability.png, id=386, 422.0568pt x 277.5168pt>
File: figures/Stability/airfoils stability.png Graphic file (type png)
<use figures/Stability/airfoils stability.png>
Package pdftex.def Info: figures/Stability/airfoils stability.png  used on input line 99.
(pdftex.def)             Requested size: 398.33861pt x 261.93292pt.


LaTeX Warning: Reference `fig:X_{Cp} plot against C_{L}' on page 43 undefined on input line 106.


LaTeX Warning: Reference `sec:Ch3.1' on page 43 undefined on input line 106.


LaTeX Warning: Reference `fig:X_{Cp} plot against C_{L}' on page 43 undefined on input line 108.


LaTeX Warning: Reference `eq:last equation' on page 43 undefined on input line 114.


LaTeX Warning: Reference `fig:X_{Cp} plot against C_{L}' on page 43 undefined on input line 114.


Underfull \hbox (badness 10000) in paragraph at lines 114--115

 []



[43 <./figures/Stability/airfoils stability.png>]

LaTeX Warning: Reference `sec:Ch2.2' on page 44 undefined on input line 125.


LaTeX Warning: Reference `fig:X_{Cp} plot against C_{L}' on page 44 undefined on input line 127.


LaTeX Warning: Reference `fig:Stability comparison between the existing airfoils and the optimized one' on page 44 undefined on input line 129.


LaTeX Warning: Reference `sec:Ch2.2' on page 44 undefined on input line 129.

<figures/Stability/optimized airfoil stability.png, id=394, 422.0568pt x 277.5168pt>
File: figures/Stability/optimized airfoil stability.png Graphic file (type png)
<use figures/Stability/optimized airfoil stability.png>
Package pdftex.def Info: figures/Stability/optimized airfoil stability.png  used on input line 133.
(pdftex.def)             Requested size: 398.33861pt x 261.93292pt.

LaTeX Warning: Reference `sec:Ch3.2' on page 44 undefined on input line 140.


LaTeX Warning: Reference `sec:Ch2.2' on page 44 undefined on input line 140.



[44 <./figures/Stability/optimized airfoil stability.png>])

[45]
\openout2 = `chapters/Conclusions.aux'.

 (chapters/Conclusions.tex
Chapter 5.


[46




])

[47]
No file main.bbl.

Package glossaries Warning: No \printglossary or \printglossaries found. 
(Remove \makeglossaries if you don't want any glossaries.) 
This document will not have a glossary.

(c:\Users\RomainLambert\BEYOND_THE_SEA\COMPTE RENDU\99_-_Rapport Ozone SFE\build\main.aux (c:\Users\RomainLambert\BEYOND_THE_SEA\COMPTE RENDU\99_-_Rapport Ozone SFE\build\nomenclature.aux) (c:\Users\RomainLambert\BEYOND_THE_SEA\COMPTE RENDU\99_-_Rapport Ozone SFE\build\chapters/Introduction.aux) (c:\Users\RomainLambert\BEYOND_THE_SEA\COMPTE RENDU\99_-_Rapport Ozone SFE\build\chapters/2D_steady_simulations.aux
c:\Users\RomainLambert\BEYOND_THE_SEA\COMPTE RENDU\99_-_Rapport Ozone SFE\build\chapters/2D_steady_simulations.aux:39: Missing \endcsname inserted.
<to be read again> 
                   \delta 
l.39 ...nes and the athlete}{figure.caption.13}{}}
                                                  
The control sequence marked <to be read again> should
not appear between \csname and \endcsname.

c:\Users\RomainLambert\BEYOND_THE_SEA\COMPTE RENDU\99_-_Rapport Ozone SFE\build\chapters/2D_steady_simulations.aux:39: Missing $ inserted.
<inserted text> 
                $
l.39 ...nes and the athlete}{figure.caption.13}{}}
                                                  
I've inserted a begin-math/end-math symbol since I think
you left one out. Proceed, with fingers crossed.

c:\Users\RomainLambert\BEYOND_THE_SEA\COMPTE RENDU\99_-_Rapport Ozone SFE\build\chapters/2D_steady_simulations.aux:39: Extra \endcsname.
\@newl@bel ... \bbl@tempa \csname #1@#2\endcsname 
                                                  \def \bbl@tempb {#3}\@safe...
l.39 ...nes and the athlete}{figure.caption.13}{}}
                                                  
I'm ignoring this, since I wasn't doing a \csname.

) (c:\Users\RomainLambert\BEYOND_THE_SEA\COMPTE RENDU\99_-_Rapport Ozone SFE\build\chapters/Optimization.aux) (c:\Users\RomainLambert\BEYOND_THE_SEA\COMPTE RENDU\99_-_Rapport Ozone SFE\build\chapters/Stability.aux) (c:\Users\RomainLambert\BEYOND_THE_SEA\COMPTE RENDU\99_-_Rapport Ozone SFE\build\chapters/Conclusions.aux))
 ***********
LaTeX2e <2024-06-01> patch level 2
L3 programming layer <2020/03/25>
 ***********


LaTeX Warning: There were undefined references.


LaTeX Warning: Label(s) may have changed. Rerun to get cross-references right.


Package rerunfilecheck Warning: File `main.out' has changed.
(rerunfilecheck)                Rerun to get outlines right
(rerunfilecheck)                or use package `bookmark'.

Package rerunfilecheck Info: Checksums for `main.out':
(rerunfilecheck)             Before: <no file>
(rerunfilecheck)             After:  1399A0203B7AFB3C68F1E8D9B6125967;6343.

Overfull \hbox (268.53279pt too wide) in paragraph at lines 39--85
[]$\OML/lmm/m/it/10.95 ^^N$ \T1/lmr/m/n/10.95 be-tween the lines and the ath-lete                                                                                                                                                                                                          
 []

 ) 
Here is how much of TeX's memory you used:
 34337 strings out of 473899
 760455 string characters out of 5722724
 1253778 words of memory out of 5000000
 56481 multiletter control sequences out of 15000+600000
 646376 words of font info for 98 fonts, out of 8000000 for 9000
 1141 hyphenation exceptions out of 8191
 110i,20n,107p,2482b,1153s stack positions out of 10000i,1000n,20000p,200000b,200000s
<C:/Users/RomainLambert/AppData/Local/Programs/MiKTeX/fonts/type1/public/lm/lmbx10.pfb><C:/Users/RomainLambert/AppData/Local/Programs/MiKTeX/fonts/type1/public/lm/lmbx12.pfb><C:/Users/RomainLambert/AppData/Local/Programs/MiKTeX/fonts/type1/public/lm/lmcsc10.pfb><C:/Users/RomainLambert/AppData/Local/Programs/MiKTeX/fonts/type1/public/lm/lmex10.pfb><C:/Users/RomainLambert/AppData/Local/Programs/MiKTeX/fonts/type1/public/lm/lmmi10.pfb><C:/Users/RomainLambert/AppData/Local/Programs/MiKTeX/fonts/type1/public/lm/lmmi6.pfb><C:/Users/RomainLambert/AppData/Local/Programs/MiKTeX/fonts/type1/public/lm/lmmi7.pfb><C:/Users/RomainLambert/AppData/Local/Programs/MiKTeX/fonts/type1/public/lm/lmmi8.pfb><C:/Users/RomainLambert/AppData/Local/Programs/MiKTeX/fonts/type1/public/lm/lmr10.pfb><C:/Users/RomainLambert/AppData/Local/Programs/MiKTeX/fonts/type1/public/lm/lmr6.pfb><C:/Users/RomainLambert/AppData/Local/Programs/MiKTeX/fonts/type1/public/lm/lmr8.pfb><C:/Users/RomainLambert/AppData/Local/Programs/MiKTeX/fonts/type1/public/lm/lmr9.pfb><C:/Users/RomainLambert/AppData/Local/Programs/MiKTeX/fonts/type1/public/lm/lmri12.pfb><C:/Users/RomainLambert/AppData/Local/Programs/MiKTeX/fonts/type1/public/lm/lmsy10.pfb><C:/Users/RomainLambert/AppData/Local/Programs/MiKTeX/fonts/type1/public/lm/lmsy8.pfb>
Output written on "c:\Users\RomainLambert\BEYOND_THE_SEA\COMPTE RENDU\99_-_Rapport Ozone SFE\build\main.pdf" (47 pages, 6798427 bytes).
PDF statistics:
 521 PDF objects out of 1000 (max. 8388607)
 140 named destinations out of 1000 (max. 500000)
 271 words of extra memory for PDF output out of 10000 (max. 10000000)

